[2024-10-30 20:29:08] development.ERROR: File does not exist at path /config.json. {"exception":"[object] (Illuminate\\Contracts\\Filesystem\\FileNotFoundException(code: 0): File does not exist at path /config.json. at D:\\Project\\ModManager\\vendor\\illuminate\\filesystem\\Filesystem.php:58)
[stacktrace]
#0 D:\\Project\\ModManager\\vendor\\illuminate\\support\\Facades\\Facade.php(358): Illuminate\\Filesystem\\Filesystem->get()
#1 D:\\Project\\ModManager\\app\\Commands\\InitializeCommand.php(30): Illuminate\\Support\\Facades\\Facade::__callStatic()
#2 D:\\Project\\ModManager\\app\\Providers\\AppServiceProvider.php(15): App\\Commands\\InitializeCommand->handle()
#3 D:\\Project\\ModManager\\vendor\\illuminate\\container\\BoundMethod.php(36): App\\Providers\\AppServiceProvider->boot()
#4 D:\\Project\\ModManager\\vendor\\illuminate\\container\\Util.php(43): Illuminate\\Container\\BoundMethod::Illuminate\\Container\\{closure}()
#5 D:\\Project\\ModManager\\vendor\\illuminate\\container\\BoundMethod.php(95): Illuminate\\Container\\Util::unwrapIfClosure()
#6 D:\\Project\\ModManager\\vendor\\illuminate\\container\\BoundMethod.php(35): Illuminate\\Container\\BoundMethod::callBoundMethod()
#7 D:\\Project\\ModManager\\vendor\\illuminate\\container\\Container.php(690): Illuminate\\Container\\BoundMethod::call()
#8 D:\\Project\\ModManager\\vendor\\laravel-zero\\foundation\\src\\Illuminate\\Foundation\\Application.php(1098): Illuminate\\Container\\Container->call()
#9 D:\\Project\\ModManager\\vendor\\laravel-zero\\foundation\\src\\Illuminate\\Foundation\\Application.php(1079): Illuminate\\Foundation\\Application->bootProvider()
#10 [internal function]: Illuminate\\Foundation\\Application->Illuminate\\Foundation\\{closure}()
#11 D:\\Project\\ModManager\\vendor\\laravel-zero\\foundation\\src\\Illuminate\\Foundation\\Application.php(1078): array_walk()
#12 D:\\Project\\ModManager\\vendor\\laravel-zero\\foundation\\src\\Illuminate\\Foundation\\Bootstrap\\BootProviders.php(17): Illuminate\\Foundation\\Application->boot()
#13 D:\\Project\\ModManager\\vendor\\laravel-zero\\foundation\\src\\Illuminate\\Foundation\\Application.php(308): Illuminate\\Foundation\\Bootstrap\\BootProviders->bootstrap()
#14 D:\\Project\\ModManager\\vendor\\laravel-zero\\foundation\\src\\Illuminate\\Foundation\\Console\\Kernel.php(470): Illuminate\\Foundation\\Application->bootstrapWith()
#15 D:\\Project\\ModManager\\vendor\\laravel-zero\\framework\\src\\Kernel.php(150): Illuminate\\Foundation\\Console\\Kernel->bootstrap()
#16 D:\\Project\\ModManager\\vendor\\laravel-zero\\framework\\src\\Kernel.php(122): LaravelZero\\Framework\\Kernel->bootstrap()
#17 D:\\Project\\ModManager\\vendor\\laravel-zero\\framework\\src\\Kernel.php(109): LaravelZero\\Framework\\Kernel->ensureDefaultCommand()
#18 D:\\Project\\ModManager\\modmanager(35): LaravelZero\\Framework\\Kernel->handle()
#19 {main}
"} 
[2024-10-30 20:29:45] development.ERROR: file_get_contents(D:\Project\ModManager/config.json): Failed to open stream: No such file or directory {"exception":"[object] (ErrorException(code: 0): file_get_contents(D:\\Project\\ModManager/config.json): Failed to open stream: No such file or directory at D:\\Project\\ModManager\\app\\Commands\\InitializeCommand.php:37)
[stacktrace]
#0 D:\\Project\\ModManager\\vendor\\laravel-zero\\foundation\\src\\Illuminate\\Foundation\\Bootstrap\\HandleExceptions.php(256): Illuminate\\Foundation\\Bootstrap\\HandleExceptions->handleError()
#1 [internal function]: Illuminate\\Foundation\\Bootstrap\\HandleExceptions->Illuminate\\Foundation\\Bootstrap\\{closure}()
#2 D:\\Project\\ModManager\\app\\Commands\\InitializeCommand.php(37): file_get_contents()
#3 D:\\Project\\ModManager\\app\\Providers\\AppServiceProvider.php(15): App\\Commands\\InitializeCommand->handle()
#4 D:\\Project\\ModManager\\vendor\\illuminate\\container\\BoundMethod.php(36): App\\Providers\\AppServiceProvider->boot()
#5 D:\\Project\\ModManager\\vendor\\illuminate\\container\\Util.php(43): Illuminate\\Container\\BoundMethod::Illuminate\\Container\\{closure}()
#6 D:\\Project\\ModManager\\vendor\\illuminate\\container\\BoundMethod.php(95): Illuminate\\Container\\Util::unwrapIfClosure()
#7 D:\\Project\\ModManager\\vendor\\illuminate\\container\\BoundMethod.php(35): Illuminate\\Container\\BoundMethod::callBoundMethod()
#8 D:\\Project\\ModManager\\vendor\\illuminate\\container\\Container.php(690): Illuminate\\Container\\BoundMethod::call()
#9 D:\\Project\\ModManager\\vendor\\laravel-zero\\foundation\\src\\Illuminate\\Foundation\\Application.php(1098): Illuminate\\Container\\Container->call()
#10 D:\\Project\\ModManager\\vendor\\laravel-zero\\foundation\\src\\Illuminate\\Foundation\\Application.php(1079): Illuminate\\Foundation\\Application->bootProvider()
#11 [internal function]: Illuminate\\Foundation\\Application->Illuminate\\Foundation\\{closure}()
#12 D:\\Project\\ModManager\\vendor\\laravel-zero\\foundation\\src\\Illuminate\\Foundation\\Application.php(1078): array_walk()
#13 D:\\Project\\ModManager\\vendor\\laravel-zero\\foundation\\src\\Illuminate\\Foundation\\Bootstrap\\BootProviders.php(17): Illuminate\\Foundation\\Application->boot()
#14 D:\\Project\\ModManager\\vendor\\laravel-zero\\foundation\\src\\Illuminate\\Foundation\\Application.php(308): Illuminate\\Foundation\\Bootstrap\\BootProviders->bootstrap()
#15 D:\\Project\\ModManager\\vendor\\laravel-zero\\foundation\\src\\Illuminate\\Foundation\\Console\\Kernel.php(470): Illuminate\\Foundation\\Application->bootstrapWith()
#16 D:\\Project\\ModManager\\vendor\\laravel-zero\\framework\\src\\Kernel.php(150): Illuminate\\Foundation\\Console\\Kernel->bootstrap()
#17 D:\\Project\\ModManager\\vendor\\laravel-zero\\framework\\src\\Kernel.php(122): LaravelZero\\Framework\\Kernel->bootstrap()
#18 D:\\Project\\ModManager\\vendor\\laravel-zero\\framework\\src\\Kernel.php(109): LaravelZero\\Framework\\Kernel->ensureDefaultCommand()
#19 D:\\Project\\ModManager\\modmanager(35): LaravelZero\\Framework\\Kernel->handle()
#20 {main}
"} 
[2024-10-30 20:30:24] development.ERROR: Call to a member function getFormatter() on null {"exception":"[object] (Error(code: 0): Call to a member function getFormatter() on null at D:\\Project\\ModManager\\vendor\\illuminate\\console\\Concerns\\InteractsWithIO.php:354)
[stacktrace]
#0 D:\\Project\\ModManager\\app\\Commands\\InitializeCommand.php(33): Illuminate\\Console\\Command->warn()
#1 D:\\Project\\ModManager\\app\\Providers\\AppServiceProvider.php(15): App\\Commands\\InitializeCommand->handle()
#2 D:\\Project\\ModManager\\vendor\\illuminate\\container\\BoundMethod.php(36): App\\Providers\\AppServiceProvider->boot()
#3 D:\\Project\\ModManager\\vendor\\illuminate\\container\\Util.php(43): Illuminate\\Container\\BoundMethod::Illuminate\\Container\\{closure}()
#4 D:\\Project\\ModManager\\vendor\\illuminate\\container\\BoundMethod.php(95): Illuminate\\Container\\Util::unwrapIfClosure()
#5 D:\\Project\\ModManager\\vendor\\illuminate\\container\\BoundMethod.php(35): Illuminate\\Container\\BoundMethod::callBoundMethod()
#6 D:\\Project\\ModManager\\vendor\\illuminate\\container\\Container.php(690): Illuminate\\Container\\BoundMethod::call()
#7 D:\\Project\\ModManager\\vendor\\laravel-zero\\foundation\\src\\Illuminate\\Foundation\\Application.php(1098): Illuminate\\Container\\Container->call()
#8 D:\\Project\\ModManager\\vendor\\laravel-zero\\foundation\\src\\Illuminate\\Foundation\\Application.php(1079): Illuminate\\Foundation\\Application->bootProvider()
#9 [internal function]: Illuminate\\Foundation\\Application->Illuminate\\Foundation\\{closure}()
#10 D:\\Project\\ModManager\\vendor\\laravel-zero\\foundation\\src\\Illuminate\\Foundation\\Application.php(1078): array_walk()
#11 D:\\Project\\ModManager\\vendor\\laravel-zero\\foundation\\src\\Illuminate\\Foundation\\Bootstrap\\BootProviders.php(17): Illuminate\\Foundation\\Application->boot()
#12 D:\\Project\\ModManager\\vendor\\laravel-zero\\foundation\\src\\Illuminate\\Foundation\\Application.php(308): Illuminate\\Foundation\\Bootstrap\\BootProviders->bootstrap()
#13 D:\\Project\\ModManager\\vendor\\laravel-zero\\foundation\\src\\Illuminate\\Foundation\\Console\\Kernel.php(470): Illuminate\\Foundation\\Application->bootstrapWith()
#14 D:\\Project\\ModManager\\vendor\\laravel-zero\\framework\\src\\Kernel.php(150): Illuminate\\Foundation\\Console\\Kernel->bootstrap()
#15 D:\\Project\\ModManager\\vendor\\laravel-zero\\framework\\src\\Kernel.php(122): LaravelZero\\Framework\\Kernel->bootstrap()
#16 D:\\Project\\ModManager\\vendor\\laravel-zero\\framework\\src\\Kernel.php(109): LaravelZero\\Framework\\Kernel->ensureDefaultCommand()
#17 D:\\Project\\ModManager\\modmanager(35): LaravelZero\\Framework\\Kernel->handle()
#18 {main}
"} 
[2024-10-30 20:30:45] development.ERROR: Call to a member function writeln() on null {"exception":"[object] (Error(code: 0): Call to a member function writeln() on null at D:\\Project\\ModManager\\vendor\\illuminate\\console\\Concerns\\InteractsWithIO.php:306)
[stacktrace]
#0 D:\\Project\\ModManager\\vendor\\illuminate\\console\\Concerns\\InteractsWithIO.php(342): Illuminate\\Console\\Command->line()
#1 D:\\Project\\ModManager\\app\\Commands\\InitializeCommand.php(33): Illuminate\\Console\\Command->error()
#2 D:\\Project\\ModManager\\app\\Providers\\AppServiceProvider.php(15): App\\Commands\\InitializeCommand->handle()
#3 D:\\Project\\ModManager\\vendor\\illuminate\\container\\BoundMethod.php(36): App\\Providers\\AppServiceProvider->boot()
#4 D:\\Project\\ModManager\\vendor\\illuminate\\container\\Util.php(43): Illuminate\\Container\\BoundMethod::Illuminate\\Container\\{closure}()
#5 D:\\Project\\ModManager\\vendor\\illuminate\\container\\BoundMethod.php(95): Illuminate\\Container\\Util::unwrapIfClosure()
#6 D:\\Project\\ModManager\\vendor\\illuminate\\container\\BoundMethod.php(35): Illuminate\\Container\\BoundMethod::callBoundMethod()
#7 D:\\Project\\ModManager\\vendor\\illuminate\\container\\Container.php(690): Illuminate\\Container\\BoundMethod::call()
#8 D:\\Project\\ModManager\\vendor\\laravel-zero\\foundation\\src\\Illuminate\\Foundation\\Application.php(1098): Illuminate\\Container\\Container->call()
#9 D:\\Project\\ModManager\\vendor\\laravel-zero\\foundation\\src\\Illuminate\\Foundation\\Application.php(1079): Illuminate\\Foundation\\Application->bootProvider()
#10 [internal function]: Illuminate\\Foundation\\Application->Illuminate\\Foundation\\{closure}()
#11 D:\\Project\\ModManager\\vendor\\laravel-zero\\foundation\\src\\Illuminate\\Foundation\\Application.php(1078): array_walk()
#12 D:\\Project\\ModManager\\vendor\\laravel-zero\\foundation\\src\\Illuminate\\Foundation\\Bootstrap\\BootProviders.php(17): Illuminate\\Foundation\\Application->boot()
#13 D:\\Project\\ModManager\\vendor\\laravel-zero\\foundation\\src\\Illuminate\\Foundation\\Application.php(308): Illuminate\\Foundation\\Bootstrap\\BootProviders->bootstrap()
#14 D:\\Project\\ModManager\\vendor\\laravel-zero\\foundation\\src\\Illuminate\\Foundation\\Console\\Kernel.php(470): Illuminate\\Foundation\\Application->bootstrapWith()
#15 D:\\Project\\ModManager\\vendor\\laravel-zero\\framework\\src\\Kernel.php(150): Illuminate\\Foundation\\Console\\Kernel->bootstrap()
#16 D:\\Project\\ModManager\\vendor\\laravel-zero\\framework\\src\\Kernel.php(122): LaravelZero\\Framework\\Kernel->bootstrap()
#17 D:\\Project\\ModManager\\vendor\\laravel-zero\\framework\\src\\Kernel.php(109): LaravelZero\\Framework\\Kernel->ensureDefaultCommand()
#18 D:\\Project\\ModManager\\modmanager(35): LaravelZero\\Framework\\Kernel->handle()
#19 {main}
"} 
[2024-10-30 20:31:05] development.ERROR: Call to a member function writeln() on null {"exception":"[object] (Error(code: 0): Call to a member function writeln() on null at D:\\Project\\ModManager\\vendor\\illuminate\\console\\Concerns\\InteractsWithIO.php:306)
[stacktrace]
#0 D:\\Project\\ModManager\\vendor\\illuminate\\console\\Concerns\\InteractsWithIO.php(291): Illuminate\\Console\\Command->line()
#1 D:\\Project\\ModManager\\app\\Commands\\InitializeCommand.php(33): Illuminate\\Console\\Command->info()
#2 D:\\Project\\ModManager\\app\\Providers\\AppServiceProvider.php(15): App\\Commands\\InitializeCommand->handle()
#3 D:\\Project\\ModManager\\vendor\\illuminate\\container\\BoundMethod.php(36): App\\Providers\\AppServiceProvider->boot()
#4 D:\\Project\\ModManager\\vendor\\illuminate\\container\\Util.php(43): Illuminate\\Container\\BoundMethod::Illuminate\\Container\\{closure}()
#5 D:\\Project\\ModManager\\vendor\\illuminate\\container\\BoundMethod.php(95): Illuminate\\Container\\Util::unwrapIfClosure()
#6 D:\\Project\\ModManager\\vendor\\illuminate\\container\\BoundMethod.php(35): Illuminate\\Container\\BoundMethod::callBoundMethod()
#7 D:\\Project\\ModManager\\vendor\\illuminate\\container\\Container.php(690): Illuminate\\Container\\BoundMethod::call()
#8 D:\\Project\\ModManager\\vendor\\laravel-zero\\foundation\\src\\Illuminate\\Foundation\\Application.php(1098): Illuminate\\Container\\Container->call()
#9 D:\\Project\\ModManager\\vendor\\laravel-zero\\foundation\\src\\Illuminate\\Foundation\\Application.php(1079): Illuminate\\Foundation\\Application->bootProvider()
#10 [internal function]: Illuminate\\Foundation\\Application->Illuminate\\Foundation\\{closure}()
#11 D:\\Project\\ModManager\\vendor\\laravel-zero\\foundation\\src\\Illuminate\\Foundation\\Application.php(1078): array_walk()
#12 D:\\Project\\ModManager\\vendor\\laravel-zero\\foundation\\src\\Illuminate\\Foundation\\Bootstrap\\BootProviders.php(17): Illuminate\\Foundation\\Application->boot()
#13 D:\\Project\\ModManager\\vendor\\laravel-zero\\foundation\\src\\Illuminate\\Foundation\\Application.php(308): Illuminate\\Foundation\\Bootstrap\\BootProviders->bootstrap()
#14 D:\\Project\\ModManager\\vendor\\laravel-zero\\foundation\\src\\Illuminate\\Foundation\\Console\\Kernel.php(470): Illuminate\\Foundation\\Application->bootstrapWith()
#15 D:\\Project\\ModManager\\vendor\\laravel-zero\\framework\\src\\Kernel.php(150): Illuminate\\Foundation\\Console\\Kernel->bootstrap()
#16 D:\\Project\\ModManager\\vendor\\laravel-zero\\framework\\src\\Kernel.php(122): LaravelZero\\Framework\\Kernel->bootstrap()
#17 D:\\Project\\ModManager\\vendor\\laravel-zero\\framework\\src\\Kernel.php(109): LaravelZero\\Framework\\Kernel->ensureDefaultCommand()
#18 D:\\Project\\ModManager\\modmanager(35): LaravelZero\\Framework\\Kernel->handle()
#19 {main}
"} 
[2024-10-30 20:32:18] development.ERROR: Method App\Commands\InitializeCommand::askForStagingPath does not exist. {"exception":"[object] (BadMethodCallException(code: 0): Method App\\Commands\\InitializeCommand::askForStagingPath does not exist. at D:\\Project\\ModManager\\vendor\\illuminate\\macroable\\Traits\\Macroable.php:115)
[stacktrace]
#0 D:\\Project\\ModManager\\app\\Commands\\InitializeCommand.php(54): Illuminate\\Console\\Command->__call()
#1 D:\\Project\\ModManager\\app\\Commands\\InitializeCommand.php(34): App\\Commands\\InitializeCommand->createConfig()
#2 D:\\Project\\ModManager\\vendor\\illuminate\\container\\BoundMethod.php(36): App\\Commands\\InitializeCommand->handle()
#3 D:\\Project\\ModManager\\vendor\\illuminate\\container\\Util.php(43): Illuminate\\Container\\BoundMethod::Illuminate\\Container\\{closure}()
#4 D:\\Project\\ModManager\\vendor\\illuminate\\container\\BoundMethod.php(95): Illuminate\\Container\\Util::unwrapIfClosure()
#5 D:\\Project\\ModManager\\vendor\\illuminate\\container\\BoundMethod.php(35): Illuminate\\Container\\BoundMethod::callBoundMethod()
#6 D:\\Project\\ModManager\\vendor\\illuminate\\container\\Container.php(690): Illuminate\\Container\\BoundMethod::call()
#7 D:\\Project\\ModManager\\vendor\\illuminate\\console\\Command.php(213): Illuminate\\Container\\Container->call()
#8 D:\\Project\\ModManager\\vendor\\symfony\\console\\Command\\Command.php(279): Illuminate\\Console\\Command->execute()
#9 D:\\Project\\ModManager\\vendor\\illuminate\\console\\Command.php(182): Symfony\\Component\\Console\\Command\\Command->run()
#10 D:\\Project\\ModManager\\vendor\\symfony\\console\\Application.php(1029): Illuminate\\Console\\Command->run()
#11 D:\\Project\\ModManager\\vendor\\symfony\\console\\Application.php(316): Symfony\\Component\\Console\\Application->doRunCommand()
#12 D:\\Project\\ModManager\\vendor\\symfony\\console\\Application.php(167): Symfony\\Component\\Console\\Application->doRun()
#13 D:\\Project\\ModManager\\vendor\\illuminate\\console\\Application.php(163): Symfony\\Component\\Console\\Application->run()
#14 D:\\Project\\ModManager\\vendor\\laravel-zero\\foundation\\src\\Illuminate\\Foundation\\Console\\Kernel.php(423): Illuminate\\Console\\Application->call()
#15 D:\\Project\\ModManager\\vendor\\laravel-zero\\framework\\src\\Kernel.php(275): Illuminate\\Foundation\\Console\\Kernel->call()
#16 D:\\Project\\ModManager\\vendor\\illuminate\\support\\Facades\\Facade.php(358): LaravelZero\\Framework\\Kernel->call()
#17 D:\\Project\\ModManager\\app\\Providers\\AppServiceProvider.php(16): Illuminate\\Support\\Facades\\Facade::__callStatic()
#18 D:\\Project\\ModManager\\vendor\\illuminate\\container\\BoundMethod.php(36): App\\Providers\\AppServiceProvider->boot()
#19 D:\\Project\\ModManager\\vendor\\illuminate\\container\\Util.php(43): Illuminate\\Container\\BoundMethod::Illuminate\\Container\\{closure}()
#20 D:\\Project\\ModManager\\vendor\\illuminate\\container\\BoundMethod.php(95): Illuminate\\Container\\Util::unwrapIfClosure()
#21 D:\\Project\\ModManager\\vendor\\illuminate\\container\\BoundMethod.php(35): Illuminate\\Container\\BoundMethod::callBoundMethod()
#22 D:\\Project\\ModManager\\vendor\\illuminate\\container\\Container.php(690): Illuminate\\Container\\BoundMethod::call()
#23 D:\\Project\\ModManager\\vendor\\laravel-zero\\foundation\\src\\Illuminate\\Foundation\\Application.php(1098): Illuminate\\Container\\Container->call()
#24 D:\\Project\\ModManager\\vendor\\laravel-zero\\foundation\\src\\Illuminate\\Foundation\\Application.php(1079): Illuminate\\Foundation\\Application->bootProvider()
#25 [internal function]: Illuminate\\Foundation\\Application->Illuminate\\Foundation\\{closure}()
#26 D:\\Project\\ModManager\\vendor\\laravel-zero\\foundation\\src\\Illuminate\\Foundation\\Application.php(1078): array_walk()
#27 D:\\Project\\ModManager\\vendor\\laravel-zero\\foundation\\src\\Illuminate\\Foundation\\Bootstrap\\BootProviders.php(17): Illuminate\\Foundation\\Application->boot()
#28 D:\\Project\\ModManager\\vendor\\laravel-zero\\foundation\\src\\Illuminate\\Foundation\\Application.php(308): Illuminate\\Foundation\\Bootstrap\\BootProviders->bootstrap()
#29 D:\\Project\\ModManager\\vendor\\laravel-zero\\foundation\\src\\Illuminate\\Foundation\\Console\\Kernel.php(470): Illuminate\\Foundation\\Application->bootstrapWith()
#30 D:\\Project\\ModManager\\vendor\\laravel-zero\\framework\\src\\Kernel.php(150): Illuminate\\Foundation\\Console\\Kernel->bootstrap()
#31 D:\\Project\\ModManager\\vendor\\laravel-zero\\framework\\src\\Kernel.php(122): LaravelZero\\Framework\\Kernel->bootstrap()
#32 D:\\Project\\ModManager\\vendor\\laravel-zero\\framework\\src\\Kernel.php(109): LaravelZero\\Framework\\Kernel->ensureDefaultCommand()
#33 D:\\Project\\ModManager\\modmanager(35): LaravelZero\\Framework\\Kernel->handle()
#34 {main}
"} 
