[2024-10-30 18:31:26] development.ERROR: Undefined constant "App\Commands\app" {"exception":"[object] (Error(code: 0): Undefined constant \"App\\Commands\\app\" at D:\\Project\\ModManager\\app\\Commands\\StartCommand.php:40)
[stacktrace]
#0 D:\\Project\\ModManager\\vendor\\illuminate\\container\\BoundMethod.php(36): App\\Commands\\StartCommand->handle()
#1 D:\\Project\\ModManager\\vendor\\illuminate\\container\\Util.php(43): Illuminate\\Container\\BoundMethod::Illuminate\\Container\\{closure}()
#2 D:\\Project\\ModManager\\vendor\\illuminate\\container\\BoundMethod.php(95): Illuminate\\Container\\Util::unwrapIfClosure()
#3 D:\\Project\\ModManager\\vendor\\illuminate\\container\\BoundMethod.php(35): Illuminate\\Container\\BoundMethod::callBoundMethod()
#4 D:\\Project\\ModManager\\vendor\\illuminate\\container\\Container.php(690): Illuminate\\Container\\BoundMethod::call()
#5 D:\\Project\\ModManager\\vendor\\illuminate\\console\\Command.php(213): Illuminate\\Container\\Container->call()
#6 D:\\Project\\ModManager\\vendor\\symfony\\console\\Command\\Command.php(279): Illuminate\\Console\\Command->execute()
#7 D:\\Project\\ModManager\\vendor\\illuminate\\console\\Command.php(182): Symfony\\Component\\Console\\Command\\Command->run()
#8 D:\\Project\\ModManager\\vendor\\symfony\\console\\Application.php(1047): Illuminate\\Console\\Command->run()
#9 D:\\Project\\ModManager\\vendor\\symfony\\console\\Application.php(316): Symfony\\Component\\Console\\Application->doRunCommand()
#10 D:\\Project\\ModManager\\vendor\\symfony\\console\\Application.php(167): Symfony\\Component\\Console\\Application->doRun()
#11 D:\\Project\\ModManager\\vendor\\laravel-zero\\foundation\\src\\Illuminate\\Foundation\\Console\\Kernel.php(196): Symfony\\Component\\Console\\Application->run()
#12 D:\\Project\\ModManager\\vendor\\laravel-zero\\framework\\src\\Kernel.php(111): Illuminate\\Foundation\\Console\\Kernel->handle()
#13 D:\\Project\\ModManager\\modmanager(35): LaravelZero\\Framework\\Kernel->handle()
#14 {main}
"} 
[2024-10-30 20:03:37] development.ERROR: Too many arguments, expected arguments "namespace". {"exception":"[object] (Symfony\\Component\\Console\\Exception\\RuntimeException(code: 0): Too many arguments, expected arguments \"namespace\". at D:\\Project\\ModManager\\vendor\\symfony\\console\\Input\\ArgvInput.php:193)
[stacktrace]
#0 D:\\Project\\ModManager\\vendor\\symfony\\console\\Input\\ArgvInput.php(86): Symfony\\Component\\Console\\Input\\ArgvInput->parseArgument()
#1 D:\\Project\\ModManager\\vendor\\symfony\\console\\Input\\ArgvInput.php(71): Symfony\\Component\\Console\\Input\\ArgvInput->parseToken()
#2 D:\\Project\\ModManager\\vendor\\symfony\\console\\Input\\Input.php(53): Symfony\\Component\\Console\\Input\\ArgvInput->parse()
#3 D:\\Project\\ModManager\\vendor\\symfony\\console\\Command\\Command.php(238): Symfony\\Component\\Console\\Input\\Input->bind()
#4 D:\\Project\\ModManager\\vendor\\symfony\\console\\Application.php(1047): Symfony\\Component\\Console\\Command\\Command->run()
#5 D:\\Project\\ModManager\\vendor\\symfony\\console\\Application.php(316): Symfony\\Component\\Console\\Application->doRunCommand()
#6 D:\\Project\\ModManager\\vendor\\symfony\\console\\Application.php(167): Symfony\\Component\\Console\\Application->doRun()
#7 D:\\Project\\ModManager\\vendor\\laravel-zero\\foundation\\src\\Illuminate\\Foundation\\Console\\Kernel.php(196): Symfony\\Component\\Console\\Application->run()
#8 D:\\Project\\ModManager\\vendor\\laravel-zero\\framework\\src\\Kernel.php(111): Illuminate\\Foundation\\Console\\Kernel->handle()
#9 D:\\Project\\ModManager\\modmanager(35): LaravelZero\\Framework\\Kernel->handle()
#10 {main}
"} 
[2024-10-30 21:04:10] development.ERROR: file_get_contents(D:\Project\ModManagerconfig.json): Failed to open stream: No such file or directory {"exception":"[object] (ErrorException(code: 0): file_get_contents(D:\\Project\\ModManagerconfig.json): Failed to open stream: No such file or directory at D:\\Project\\ModManager\\app\\Commands\\CreateModCommand.php:49)
[stacktrace]
#0 D:\\Project\\ModManager\\vendor\\laravel-zero\\foundation\\src\\Illuminate\\Foundation\\Bootstrap\\HandleExceptions.php(256): Illuminate\\Foundation\\Bootstrap\\HandleExceptions->handleError()
#1 [internal function]: Illuminate\\Foundation\\Bootstrap\\HandleExceptions->Illuminate\\Foundation\\Bootstrap\\{closure}()
#2 D:\\Project\\ModManager\\app\\Commands\\CreateModCommand.php(49): file_get_contents()
#3 D:\\Project\\ModManager\\app\\Commands\\CreateModCommand.php(32): App\\Commands\\CreateModCommand->getConfig()
#4 D:\\Project\\ModManager\\vendor\\illuminate\\container\\BoundMethod.php(36): App\\Commands\\CreateModCommand->handle()
#5 D:\\Project\\ModManager\\vendor\\illuminate\\container\\Util.php(43): Illuminate\\Container\\BoundMethod::Illuminate\\Container\\{closure}()
#6 D:\\Project\\ModManager\\vendor\\illuminate\\container\\BoundMethod.php(95): Illuminate\\Container\\Util::unwrapIfClosure()
#7 D:\\Project\\ModManager\\vendor\\illuminate\\container\\BoundMethod.php(35): Illuminate\\Container\\BoundMethod::callBoundMethod()
#8 D:\\Project\\ModManager\\vendor\\illuminate\\container\\Container.php(690): Illuminate\\Container\\BoundMethod::call()
#9 D:\\Project\\ModManager\\vendor\\illuminate\\console\\Command.php(213): Illuminate\\Container\\Container->call()
#10 D:\\Project\\ModManager\\vendor\\symfony\\console\\Command\\Command.php(279): Illuminate\\Console\\Command->execute()
#11 D:\\Project\\ModManager\\vendor\\illuminate\\console\\Command.php(182): Symfony\\Component\\Console\\Command\\Command->run()
#12 D:\\Project\\ModManager\\vendor\\illuminate\\console\\Concerns\\CallsCommands.php(67): Illuminate\\Console\\Command->run()
#13 D:\\Project\\ModManager\\vendor\\illuminate\\console\\Concerns\\CallsCommands.php(28): Illuminate\\Console\\Command->runCommand()
#14 D:\\Project\\ModManager\\vendor\\laravel-zero\\framework\\src\\Commands\\Command.php(80): Illuminate\\Console\\Command->call()
#15 D:\\Project\\ModManager\\app\\Commands\\StartCommand.php(48): LaravelZero\\Framework\\Commands\\Command->call()
#16 D:\\Project\\ModManager\\app\\Commands\\StartCommand.php(38): App\\Commands\\StartCommand->createMod()
#17 D:\\Project\\ModManager\\vendor\\illuminate\\container\\BoundMethod.php(36): App\\Commands\\StartCommand->handle()
#18 D:\\Project\\ModManager\\vendor\\illuminate\\container\\Util.php(43): Illuminate\\Container\\BoundMethod::Illuminate\\Container\\{closure}()
#19 D:\\Project\\ModManager\\vendor\\illuminate\\container\\BoundMethod.php(95): Illuminate\\Container\\Util::unwrapIfClosure()
#20 D:\\Project\\ModManager\\vendor\\illuminate\\container\\BoundMethod.php(35): Illuminate\\Container\\BoundMethod::callBoundMethod()
#21 D:\\Project\\ModManager\\vendor\\illuminate\\container\\Container.php(690): Illuminate\\Container\\BoundMethod::call()
#22 D:\\Project\\ModManager\\vendor\\illuminate\\console\\Command.php(213): Illuminate\\Container\\Container->call()
#23 D:\\Project\\ModManager\\vendor\\symfony\\console\\Command\\Command.php(279): Illuminate\\Console\\Command->execute()
#24 D:\\Project\\ModManager\\vendor\\illuminate\\console\\Command.php(182): Symfony\\Component\\Console\\Command\\Command->run()
#25 D:\\Project\\ModManager\\vendor\\symfony\\console\\Application.php(1047): Illuminate\\Console\\Command->run()
#26 D:\\Project\\ModManager\\vendor\\symfony\\console\\Application.php(316): Symfony\\Component\\Console\\Application->doRunCommand()
#27 D:\\Project\\ModManager\\vendor\\symfony\\console\\Application.php(167): Symfony\\Component\\Console\\Application->doRun()
#28 D:\\Project\\ModManager\\vendor\\laravel-zero\\foundation\\src\\Illuminate\\Foundation\\Console\\Kernel.php(196): Symfony\\Component\\Console\\Application->run()
#29 D:\\Project\\ModManager\\vendor\\laravel-zero\\framework\\src\\Kernel.php(111): Illuminate\\Foundation\\Console\\Kernel->handle()
#30 D:\\Project\\ModManager\\modmanager(35): LaravelZero\\Framework\\Kernel->handle()
#31 {main}
"} 
[2024-10-30 21:08:30] development.ERROR: Cannot use lexical variable $name_mod as a parameter name {"exception":"[object] (Symfony\\Component\\ErrorHandler\\Error\\FatalError(code: 0): Cannot use lexical variable $name_mod as a parameter name at D:\\Project\\ModManager\\app\\Commands\\CreateModCommand.php:48)
[stacktrace]
#0 {main}
"} 
[2024-10-30 21:08:43] development.ERROR: Cannot use lexical variable $name_mod as a parameter name {"exception":"[object] (Symfony\\Component\\ErrorHandler\\Error\\FatalError(code: 0): Cannot use lexical variable $name_mod as a parameter name at D:\\Project\\ModManager\\app\\Commands\\CreateModCommand.php:48)
[stacktrace]
#0 {main}
"} 
[2024-10-30 21:25:33] development.INFO: Démarage de la création de mod  
[2024-10-30 21:25:33] development.INFO: Date et Heure de début : 30-10-2024 21:25:33  
[2024-10-30 21:25:33] development.INFO: Nom du Mod : test-mod-1  
[2024-10-30 21:25:33] development.INFO: Vérification du dossier de staging  
[2024-10-30 21:26:15] development.INFO: Démarage de la création de mod  
[2024-10-30 21:26:15] development.INFO: Date et Heure de début : 30-10-2024 21:26:15  
[2024-10-30 21:26:15] development.INFO: Nom du Mod : testMod1  
[2024-10-30 21:26:15] development.INFO: Vérification du dossier de staging  
[2024-10-30 21:27:31] development.INFO: Démarage de la création de mod  
[2024-10-30 21:27:31] development.INFO: Date et Heure de début : 30-10-2024 21:27:31  
[2024-10-30 21:27:31] development.INFO: Nom du Mod : test_mod_1  
[2024-10-30 21:27:31] development.INFO: Vérification du dossier de staging  
[2024-10-30 21:27:47] development.INFO: Démarage de la création de mod  
[2024-10-30 21:27:47] development.INFO: Date et Heure de début : 30-10-2024 21:27:47  
[2024-10-30 21:27:47] development.INFO: Nom du Mod : test_mod_1  
[2024-10-30 21:27:47] development.INFO: Vérification du dossier de staging  
[2024-10-30 21:29:39] development.INFO: Démarage de la création de mod  
[2024-10-30 21:29:39] development.INFO: Date et Heure de début : 30-10-2024 21:29:39  
[2024-10-30 21:29:39] development.INFO: Nom du Mod : test_mod_1  
[2024-10-30 21:29:39] development.INFO: Vérification du dossier de staging  
[2024-10-30 21:29:53] development.INFO: Démarage de la création de mod  
[2024-10-30 21:29:53] development.INFO: Date et Heure de début : 30-10-2024 21:29:53  
[2024-10-30 21:29:53] development.INFO: Nom du Mod : test_mod_1  
[2024-10-30 21:29:53] development.INFO: Vérification du dossier de staging  
[2024-10-30 21:30:08] development.INFO: Démarage de la création de mod  
[2024-10-30 21:30:08] development.INFO: Date et Heure de début : 30-10-2024 21:30:08  
[2024-10-30 21:30:08] development.INFO: Nom du Mod : test_mod_1  
[2024-10-30 21:30:08] development.INFO: Vérification du dossier de staging  
[2024-10-30 21:32:55] development.INFO: Démarage de la création de mod  
[2024-10-30 21:32:55] development.INFO: Date et Heure de début : 30-10-2024 21:32:55  
[2024-10-30 21:32:55] development.INFO: Nom du Mod : test_mod_1  
[2024-10-30 21:32:55] development.INFO: Vérification du dossier de staging  
[2024-10-30 21:32:55] development.ERROR: Command "start --without-config" is not defined. {"exception":"[object] (Symfony\\Component\\Console\\Exception\\CommandNotFoundException(code: 0): Command \"start --without-config\" is not defined. at D:\\Project\\ModManager\\vendor\\symfony\\console\\Application.php:702)
[stacktrace]
#0 D:\\Project\\ModManager\\vendor\\illuminate\\console\\Command.php(247): Symfony\\Component\\Console\\Application->find()
#1 D:\\Project\\ModManager\\vendor\\illuminate\\console\\Concerns\\CallsCommands.php(67): Illuminate\\Console\\Command->resolveCommand()
#2 D:\\Project\\ModManager\\vendor\\illuminate\\console\\Concerns\\CallsCommands.php(28): Illuminate\\Console\\Command->runCommand()
#3 D:\\Project\\ModManager\\vendor\\laravel-zero\\framework\\src\\Commands\\Command.php(80): Illuminate\\Console\\Command->call()
#4 D:\\Project\\ModManager\\app\\Commands\\CreateModCommand.php(53): LaravelZero\\Framework\\Commands\\Command->call()
#5 D:\\Project\\ModManager\\app\\Commands\\CreateModCommand.php(40): App\\Commands\\CreateModCommand->createMod()
#6 D:\\Project\\ModManager\\vendor\\illuminate\\container\\BoundMethod.php(36): App\\Commands\\CreateModCommand->handle()
#7 D:\\Project\\ModManager\\vendor\\illuminate\\container\\Util.php(43): Illuminate\\Container\\BoundMethod::Illuminate\\Container\\{closure}()
#8 D:\\Project\\ModManager\\vendor\\illuminate\\container\\BoundMethod.php(95): Illuminate\\Container\\Util::unwrapIfClosure()
#9 D:\\Project\\ModManager\\vendor\\illuminate\\container\\BoundMethod.php(35): Illuminate\\Container\\BoundMethod::callBoundMethod()
#10 D:\\Project\\ModManager\\vendor\\illuminate\\container\\Container.php(690): Illuminate\\Container\\BoundMethod::call()
#11 D:\\Project\\ModManager\\vendor\\illuminate\\console\\Command.php(213): Illuminate\\Container\\Container->call()
#12 D:\\Project\\ModManager\\vendor\\symfony\\console\\Command\\Command.php(279): Illuminate\\Console\\Command->execute()
#13 D:\\Project\\ModManager\\vendor\\illuminate\\console\\Command.php(182): Symfony\\Component\\Console\\Command\\Command->run()
#14 D:\\Project\\ModManager\\vendor\\illuminate\\console\\Concerns\\CallsCommands.php(67): Illuminate\\Console\\Command->run()
#15 D:\\Project\\ModManager\\vendor\\illuminate\\console\\Concerns\\CallsCommands.php(28): Illuminate\\Console\\Command->runCommand()
#16 D:\\Project\\ModManager\\vendor\\laravel-zero\\framework\\src\\Commands\\Command.php(80): Illuminate\\Console\\Command->call()
#17 D:\\Project\\ModManager\\app\\Commands\\StartCommand.php(50): LaravelZero\\Framework\\Commands\\Command->call()
#18 D:\\Project\\ModManager\\app\\Commands\\StartCommand.php(40): App\\Commands\\StartCommand->createMod()
#19 D:\\Project\\ModManager\\vendor\\illuminate\\container\\BoundMethod.php(36): App\\Commands\\StartCommand->handle()
#20 D:\\Project\\ModManager\\vendor\\illuminate\\container\\Util.php(43): Illuminate\\Container\\BoundMethod::Illuminate\\Container\\{closure}()
#21 D:\\Project\\ModManager\\vendor\\illuminate\\container\\BoundMethod.php(95): Illuminate\\Container\\Util::unwrapIfClosure()
#22 D:\\Project\\ModManager\\vendor\\illuminate\\container\\BoundMethod.php(35): Illuminate\\Container\\BoundMethod::callBoundMethod()
#23 D:\\Project\\ModManager\\vendor\\illuminate\\container\\Container.php(690): Illuminate\\Container\\BoundMethod::call()
#24 D:\\Project\\ModManager\\vendor\\illuminate\\console\\Command.php(213): Illuminate\\Container\\Container->call()
#25 D:\\Project\\ModManager\\vendor\\symfony\\console\\Command\\Command.php(279): Illuminate\\Console\\Command->execute()
#26 D:\\Project\\ModManager\\vendor\\illuminate\\console\\Command.php(182): Symfony\\Component\\Console\\Command\\Command->run()
#27 D:\\Project\\ModManager\\vendor\\symfony\\console\\Application.php(1047): Illuminate\\Console\\Command->run()
#28 D:\\Project\\ModManager\\vendor\\symfony\\console\\Application.php(316): Symfony\\Component\\Console\\Application->doRunCommand()
#29 D:\\Project\\ModManager\\vendor\\symfony\\console\\Application.php(167): Symfony\\Component\\Console\\Application->doRun()
#30 D:\\Project\\ModManager\\vendor\\laravel-zero\\foundation\\src\\Illuminate\\Foundation\\Console\\Kernel.php(196): Symfony\\Component\\Console\\Application->run()
#31 D:\\Project\\ModManager\\vendor\\laravel-zero\\framework\\src\\Kernel.php(111): Illuminate\\Foundation\\Console\\Kernel->handle()
#32 D:\\Project\\ModManager\\modmanager(35): LaravelZero\\Framework\\Kernel->handle()
#33 {main}
"} 
[2024-10-30 21:33:39] development.INFO: Démarage de la création de mod  
[2024-10-30 21:33:39] development.INFO: Date et Heure de début : 30-10-2024 21:33:39  
[2024-10-30 21:33:39] development.INFO: Nom du Mod : test_mod_1  
[2024-10-30 21:33:39] development.INFO: Vérification du dossier de staging  
[2024-10-30 21:35:15] development.INFO: Démarage de la création de mod  
[2024-10-30 21:35:15] development.INFO: Date et Heure de début : 30-10-2024 21:35:15  
[2024-10-30 21:35:15] development.INFO: Nom du Mod : test_mod_1  
[2024-10-30 21:35:15] development.INFO: Vérification du dossier de staging  
[2024-10-30 22:30:12] development.ERROR: Target class [Illuminate\Http\Client\Factory] does not exist. {"exception":"[object] (Illuminate\\Contracts\\Container\\BindingResolutionException(code: 0): Target class [Illuminate\\Http\\Client\\Factory] does not exist. at D:\\Project\\ModManager\\vendor\\illuminate\\container\\Container.php:940)
[stacktrace]
#0 D:\\Project\\ModManager\\vendor\\illuminate\\container\\Container.php(815): Illuminate\\Container\\Container->build()
#1 D:\\Project\\ModManager\\vendor\\laravel-zero\\foundation\\src\\Illuminate\\Foundation\\Application.php(1025): Illuminate\\Container\\Container->resolve()
#2 D:\\Project\\ModManager\\vendor\\illuminate\\container\\Container.php(751): Illuminate\\Foundation\\Application->resolve()
#3 D:\\Project\\ModManager\\vendor\\laravel-zero\\foundation\\src\\Illuminate\\Foundation\\Application.php(1010): Illuminate\\Container\\Container->make()
#4 D:\\Project\\ModManager\\vendor\\illuminate\\container\\Container.php(1559): Illuminate\\Foundation\\Application->make()
#5 D:\\Project\\ModManager\\vendor\\illuminate\\support\\Facades\\Facade.php(237): Illuminate\\Container\\Container->offsetGet()
#6 D:\\Project\\ModManager\\vendor\\illuminate\\support\\Facades\\Facade.php(208): Illuminate\\Support\\Facades\\Facade::resolveFacadeInstance()
#7 D:\\Project\\ModManager\\vendor\\illuminate\\support\\Facades\\Facade.php(352): Illuminate\\Support\\Facades\\Facade::getFacadeRoot()
#8 D:\\Project\\ModManager\\app\\Commands\\ModValidatorInstallCommand.php(37): Illuminate\\Support\\Facades\\Facade::__callStatic()
#9 D:\\Project\\ModManager\\vendor\\nunomaduro\\laravel-console-task\\src\\LaravelConsoleTaskServiceProvider.php(49): App\\Commands\\ModValidatorInstallCommand->App\\Commands\\{closure}()
#10 D:\\Project\\ModManager\\vendor\\illuminate\\macroable\\Traits\\Macroable.php(126): App\\Commands\\ModValidatorInstallCommand->NunoMaduro\\LaravelConsoleTask\\{closure}()
#11 D:\\Project\\ModManager\\vendor\\laravel-zero\\framework\\src\\Commands\\Command.php(53): Illuminate\\Console\\Command->__call()
#12 D:\\Project\\ModManager\\app\\Commands\\ModValidatorInstallCommand.php(36): LaravelZero\\Framework\\Commands\\Command->task()
#13 D:\\Project\\ModManager\\vendor\\illuminate\\container\\BoundMethod.php(36): App\\Commands\\ModValidatorInstallCommand->handle()
#14 D:\\Project\\ModManager\\vendor\\illuminate\\container\\Util.php(43): Illuminate\\Container\\BoundMethod::Illuminate\\Container\\{closure}()
#15 D:\\Project\\ModManager\\vendor\\illuminate\\container\\BoundMethod.php(95): Illuminate\\Container\\Util::unwrapIfClosure()
#16 D:\\Project\\ModManager\\vendor\\illuminate\\container\\BoundMethod.php(35): Illuminate\\Container\\BoundMethod::callBoundMethod()
#17 D:\\Project\\ModManager\\vendor\\illuminate\\container\\Container.php(690): Illuminate\\Container\\BoundMethod::call()
#18 D:\\Project\\ModManager\\vendor\\illuminate\\console\\Command.php(213): Illuminate\\Container\\Container->call()
#19 D:\\Project\\ModManager\\vendor\\symfony\\console\\Command\\Command.php(279): Illuminate\\Console\\Command->execute()
#20 D:\\Project\\ModManager\\vendor\\illuminate\\console\\Command.php(182): Symfony\\Component\\Console\\Command\\Command->run()
#21 D:\\Project\\ModManager\\vendor\\illuminate\\console\\Concerns\\CallsCommands.php(67): Illuminate\\Console\\Command->run()
#22 D:\\Project\\ModManager\\vendor\\illuminate\\console\\Concerns\\CallsCommands.php(28): Illuminate\\Console\\Command->runCommand()
#23 D:\\Project\\ModManager\\vendor\\laravel-zero\\framework\\src\\Commands\\Command.php(80): Illuminate\\Console\\Command->call()
#24 D:\\Project\\ModManager\\app\\Commands\\InitializeCommand.php(91): LaravelZero\\Framework\\Commands\\Command->call()
#25 D:\\Project\\ModManager\\app\\Commands\\InitializeCommand.php(54): App\\Commands\\InitializeCommand->ModValidatorIsExist()
#26 D:\\Project\\ModManager\\vendor\\illuminate\\container\\BoundMethod.php(36): App\\Commands\\InitializeCommand->handle()
#27 D:\\Project\\ModManager\\vendor\\illuminate\\container\\Util.php(43): Illuminate\\Container\\BoundMethod::Illuminate\\Container\\{closure}()
#28 D:\\Project\\ModManager\\vendor\\illuminate\\container\\BoundMethod.php(95): Illuminate\\Container\\Util::unwrapIfClosure()
#29 D:\\Project\\ModManager\\vendor\\illuminate\\container\\BoundMethod.php(35): Illuminate\\Container\\BoundMethod::callBoundMethod()
#30 D:\\Project\\ModManager\\vendor\\illuminate\\container\\Container.php(690): Illuminate\\Container\\BoundMethod::call()
#31 D:\\Project\\ModManager\\vendor\\illuminate\\console\\Command.php(213): Illuminate\\Container\\Container->call()
#32 D:\\Project\\ModManager\\vendor\\symfony\\console\\Command\\Command.php(279): Illuminate\\Console\\Command->execute()
#33 D:\\Project\\ModManager\\vendor\\illuminate\\console\\Command.php(182): Symfony\\Component\\Console\\Command\\Command->run()
#34 D:\\Project\\ModManager\\vendor\\illuminate\\console\\Concerns\\CallsCommands.php(67): Illuminate\\Console\\Command->run()
#35 D:\\Project\\ModManager\\vendor\\illuminate\\console\\Concerns\\CallsCommands.php(28): Illuminate\\Console\\Command->runCommand()
#36 D:\\Project\\ModManager\\vendor\\laravel-zero\\framework\\src\\Commands\\Command.php(80): Illuminate\\Console\\Command->call()
#37 D:\\Project\\ModManager\\app\\Commands\\StartCommand.php(32): LaravelZero\\Framework\\Commands\\Command->call()
#38 D:\\Project\\ModManager\\vendor\\illuminate\\container\\BoundMethod.php(36): App\\Commands\\StartCommand->handle()
#39 D:\\Project\\ModManager\\vendor\\illuminate\\container\\Util.php(43): Illuminate\\Container\\BoundMethod::Illuminate\\Container\\{closure}()
#40 D:\\Project\\ModManager\\vendor\\illuminate\\container\\BoundMethod.php(95): Illuminate\\Container\\Util::unwrapIfClosure()
#41 D:\\Project\\ModManager\\vendor\\illuminate\\container\\BoundMethod.php(35): Illuminate\\Container\\BoundMethod::callBoundMethod()
#42 D:\\Project\\ModManager\\vendor\\illuminate\\container\\Container.php(690): Illuminate\\Container\\BoundMethod::call()
#43 D:\\Project\\ModManager\\vendor\\illuminate\\console\\Command.php(213): Illuminate\\Container\\Container->call()
#44 D:\\Project\\ModManager\\vendor\\symfony\\console\\Command\\Command.php(279): Illuminate\\Console\\Command->execute()
#45 D:\\Project\\ModManager\\vendor\\illuminate\\console\\Command.php(182): Symfony\\Component\\Console\\Command\\Command->run()
#46 D:\\Project\\ModManager\\vendor\\symfony\\console\\Application.php(1047): Illuminate\\Console\\Command->run()
#47 D:\\Project\\ModManager\\vendor\\symfony\\console\\Application.php(316): Symfony\\Component\\Console\\Application->doRunCommand()
#48 D:\\Project\\ModManager\\vendor\\symfony\\console\\Application.php(167): Symfony\\Component\\Console\\Application->doRun()
#49 D:\\Project\\ModManager\\vendor\\laravel-zero\\foundation\\src\\Illuminate\\Foundation\\Console\\Kernel.php(196): Symfony\\Component\\Console\\Application->run()
#50 D:\\Project\\ModManager\\vendor\\laravel-zero\\framework\\src\\Kernel.php(111): Illuminate\\Foundation\\Console\\Kernel->handle()
#51 D:\\Project\\ModManager\\modmanager(35): LaravelZero\\Framework\\Kernel->handle()
#52 {main}

[previous exception] [object] (ReflectionException(code: -1): Class \"Illuminate\\Http\\Client\\Factory\" does not exist at D:\\Project\\ModManager\\vendor\\illuminate\\container\\Container.php:938)
[stacktrace]
#0 D:\\Project\\ModManager\\vendor\\illuminate\\container\\Container.php(938): ReflectionClass->__construct()
#1 D:\\Project\\ModManager\\vendor\\illuminate\\container\\Container.php(815): Illuminate\\Container\\Container->build()
#2 D:\\Project\\ModManager\\vendor\\laravel-zero\\foundation\\src\\Illuminate\\Foundation\\Application.php(1025): Illuminate\\Container\\Container->resolve()
#3 D:\\Project\\ModManager\\vendor\\illuminate\\container\\Container.php(751): Illuminate\\Foundation\\Application->resolve()
#4 D:\\Project\\ModManager\\vendor\\laravel-zero\\foundation\\src\\Illuminate\\Foundation\\Application.php(1010): Illuminate\\Container\\Container->make()
#5 D:\\Project\\ModManager\\vendor\\illuminate\\container\\Container.php(1559): Illuminate\\Foundation\\Application->make()
#6 D:\\Project\\ModManager\\vendor\\illuminate\\support\\Facades\\Facade.php(237): Illuminate\\Container\\Container->offsetGet()
#7 D:\\Project\\ModManager\\vendor\\illuminate\\support\\Facades\\Facade.php(208): Illuminate\\Support\\Facades\\Facade::resolveFacadeInstance()
#8 D:\\Project\\ModManager\\vendor\\illuminate\\support\\Facades\\Facade.php(352): Illuminate\\Support\\Facades\\Facade::getFacadeRoot()
#9 D:\\Project\\ModManager\\app\\Commands\\ModValidatorInstallCommand.php(37): Illuminate\\Support\\Facades\\Facade::__callStatic()
#10 D:\\Project\\ModManager\\vendor\\nunomaduro\\laravel-console-task\\src\\LaravelConsoleTaskServiceProvider.php(49): App\\Commands\\ModValidatorInstallCommand->App\\Commands\\{closure}()
#11 D:\\Project\\ModManager\\vendor\\illuminate\\macroable\\Traits\\Macroable.php(126): App\\Commands\\ModValidatorInstallCommand->NunoMaduro\\LaravelConsoleTask\\{closure}()
#12 D:\\Project\\ModManager\\vendor\\laravel-zero\\framework\\src\\Commands\\Command.php(53): Illuminate\\Console\\Command->__call()
#13 D:\\Project\\ModManager\\app\\Commands\\ModValidatorInstallCommand.php(36): LaravelZero\\Framework\\Commands\\Command->task()
#14 D:\\Project\\ModManager\\vendor\\illuminate\\container\\BoundMethod.php(36): App\\Commands\\ModValidatorInstallCommand->handle()
#15 D:\\Project\\ModManager\\vendor\\illuminate\\container\\Util.php(43): Illuminate\\Container\\BoundMethod::Illuminate\\Container\\{closure}()
#16 D:\\Project\\ModManager\\vendor\\illuminate\\container\\BoundMethod.php(95): Illuminate\\Container\\Util::unwrapIfClosure()
#17 D:\\Project\\ModManager\\vendor\\illuminate\\container\\BoundMethod.php(35): Illuminate\\Container\\BoundMethod::callBoundMethod()
#18 D:\\Project\\ModManager\\vendor\\illuminate\\container\\Container.php(690): Illuminate\\Container\\BoundMethod::call()
#19 D:\\Project\\ModManager\\vendor\\illuminate\\console\\Command.php(213): Illuminate\\Container\\Container->call()
#20 D:\\Project\\ModManager\\vendor\\symfony\\console\\Command\\Command.php(279): Illuminate\\Console\\Command->execute()
#21 D:\\Project\\ModManager\\vendor\\illuminate\\console\\Command.php(182): Symfony\\Component\\Console\\Command\\Command->run()
#22 D:\\Project\\ModManager\\vendor\\illuminate\\console\\Concerns\\CallsCommands.php(67): Illuminate\\Console\\Command->run()
#23 D:\\Project\\ModManager\\vendor\\illuminate\\console\\Concerns\\CallsCommands.php(28): Illuminate\\Console\\Command->runCommand()
#24 D:\\Project\\ModManager\\vendor\\laravel-zero\\framework\\src\\Commands\\Command.php(80): Illuminate\\Console\\Command->call()
#25 D:\\Project\\ModManager\\app\\Commands\\InitializeCommand.php(91): LaravelZero\\Framework\\Commands\\Command->call()
#26 D:\\Project\\ModManager\\app\\Commands\\InitializeCommand.php(54): App\\Commands\\InitializeCommand->ModValidatorIsExist()
#27 D:\\Project\\ModManager\\vendor\\illuminate\\container\\BoundMethod.php(36): App\\Commands\\InitializeCommand->handle()
#28 D:\\Project\\ModManager\\vendor\\illuminate\\container\\Util.php(43): Illuminate\\Container\\BoundMethod::Illuminate\\Container\\{closure}()
#29 D:\\Project\\ModManager\\vendor\\illuminate\\container\\BoundMethod.php(95): Illuminate\\Container\\Util::unwrapIfClosure()
#30 D:\\Project\\ModManager\\vendor\\illuminate\\container\\BoundMethod.php(35): Illuminate\\Container\\BoundMethod::callBoundMethod()
#31 D:\\Project\\ModManager\\vendor\\illuminate\\container\\Container.php(690): Illuminate\\Container\\BoundMethod::call()
#32 D:\\Project\\ModManager\\vendor\\illuminate\\console\\Command.php(213): Illuminate\\Container\\Container->call()
#33 D:\\Project\\ModManager\\vendor\\symfony\\console\\Command\\Command.php(279): Illuminate\\Console\\Command->execute()
#34 D:\\Project\\ModManager\\vendor\\illuminate\\console\\Command.php(182): Symfony\\Component\\Console\\Command\\Command->run()
#35 D:\\Project\\ModManager\\vendor\\illuminate\\console\\Concerns\\CallsCommands.php(67): Illuminate\\Console\\Command->run()
#36 D:\\Project\\ModManager\\vendor\\illuminate\\console\\Concerns\\CallsCommands.php(28): Illuminate\\Console\\Command->runCommand()
#37 D:\\Project\\ModManager\\vendor\\laravel-zero\\framework\\src\\Commands\\Command.php(80): Illuminate\\Console\\Command->call()
#38 D:\\Project\\ModManager\\app\\Commands\\StartCommand.php(32): LaravelZero\\Framework\\Commands\\Command->call()
#39 D:\\Project\\ModManager\\vendor\\illuminate\\container\\BoundMethod.php(36): App\\Commands\\StartCommand->handle()
#40 D:\\Project\\ModManager\\vendor\\illuminate\\container\\Util.php(43): Illuminate\\Container\\BoundMethod::Illuminate\\Container\\{closure}()
#41 D:\\Project\\ModManager\\vendor\\illuminate\\container\\BoundMethod.php(95): Illuminate\\Container\\Util::unwrapIfClosure()
#42 D:\\Project\\ModManager\\vendor\\illuminate\\container\\BoundMethod.php(35): Illuminate\\Container\\BoundMethod::callBoundMethod()
#43 D:\\Project\\ModManager\\vendor\\illuminate\\container\\Container.php(690): Illuminate\\Container\\BoundMethod::call()
#44 D:\\Project\\ModManager\\vendor\\illuminate\\console\\Command.php(213): Illuminate\\Container\\Container->call()
#45 D:\\Project\\ModManager\\vendor\\symfony\\console\\Command\\Command.php(279): Illuminate\\Console\\Command->execute()
#46 D:\\Project\\ModManager\\vendor\\illuminate\\console\\Command.php(182): Symfony\\Component\\Console\\Command\\Command->run()
#47 D:\\Project\\ModManager\\vendor\\symfony\\console\\Application.php(1047): Illuminate\\Console\\Command->run()
#48 D:\\Project\\ModManager\\vendor\\symfony\\console\\Application.php(316): Symfony\\Component\\Console\\Application->doRunCommand()
#49 D:\\Project\\ModManager\\vendor\\symfony\\console\\Application.php(167): Symfony\\Component\\Console\\Application->doRun()
#50 D:\\Project\\ModManager\\vendor\\laravel-zero\\foundation\\src\\Illuminate\\Foundation\\Console\\Kernel.php(196): Symfony\\Component\\Console\\Application->run()
#51 D:\\Project\\ModManager\\vendor\\laravel-zero\\framework\\src\\Kernel.php(111): Illuminate\\Foundation\\Console\\Kernel->handle()
#52 D:\\Project\\ModManager\\modmanager(35): LaravelZero\\Framework\\Kernel->handle()
#53 {main}
"} 
[2024-10-30 22:31:00] development.ERROR: cURL error 60: SSL certificate problem: unable to get local issuer certificate (see https://curl.haxx.se/libcurl/c/libcurl-errors.html) for https://www.transportfever2.com/wiki/lib/exe/fetch.php?media=modding:tools:tf2_modvalidator_public_v0.10.0.zip {"exception":"[object] (GuzzleHttp\\Exception\\RequestException(code: 0): cURL error 60: SSL certificate problem: unable to get local issuer certificate (see https://curl.haxx.se/libcurl/c/libcurl-errors.html) for https://www.transportfever2.com/wiki/lib/exe/fetch.php?media=modding:tools:tf2_modvalidator_public_v0.10.0.zip at D:\\Project\\ModManager\\vendor\\guzzlehttp\\guzzle\\src\\Handler\\CurlFactory.php:276)
[stacktrace]
#0 D:\\Project\\ModManager\\vendor\\guzzlehttp\\guzzle\\src\\Handler\\CurlFactory.php(205): GuzzleHttp\\Handler\\CurlFactory::createRejection()
#1 D:\\Project\\ModManager\\vendor\\guzzlehttp\\guzzle\\src\\Handler\\CurlFactory.php(157): GuzzleHttp\\Handler\\CurlFactory::finishError()
#2 D:\\Project\\ModManager\\vendor\\guzzlehttp\\guzzle\\src\\Handler\\CurlHandler.php(47): GuzzleHttp\\Handler\\CurlFactory::finish()
#3 D:\\Project\\ModManager\\vendor\\guzzlehttp\\guzzle\\src\\Handler\\Proxy.php(28): GuzzleHttp\\Handler\\CurlHandler->__invoke()
#4 D:\\Project\\ModManager\\vendor\\guzzlehttp\\guzzle\\src\\Handler\\Proxy.php(48): GuzzleHttp\\Handler\\Proxy::GuzzleHttp\\Handler\\{closure}()
#5 D:\\Project\\ModManager\\vendor\\illuminate\\http\\Client\\PendingRequest.php(1335): GuzzleHttp\\Handler\\Proxy::GuzzleHttp\\Handler\\{closure}()
#6 D:\\Project\\ModManager\\vendor\\illuminate\\http\\Client\\PendingRequest.php(1301): Illuminate\\Http\\Client\\PendingRequest->Illuminate\\Http\\Client\\{closure}()
#7 D:\\Project\\ModManager\\vendor\\illuminate\\http\\Client\\PendingRequest.php(1287): Illuminate\\Http\\Client\\PendingRequest->Illuminate\\Http\\Client\\{closure}()
#8 D:\\Project\\ModManager\\vendor\\guzzlehttp\\guzzle\\src\\PrepareBodyMiddleware.php(35): Illuminate\\Http\\Client\\PendingRequest->Illuminate\\Http\\Client\\{closure}()
#9 D:\\Project\\ModManager\\vendor\\guzzlehttp\\guzzle\\src\\Middleware.php(38): GuzzleHttp\\PrepareBodyMiddleware->__invoke()
#10 D:\\Project\\ModManager\\vendor\\guzzlehttp\\guzzle\\src\\RedirectMiddleware.php(71): GuzzleHttp\\Middleware::GuzzleHttp\\{closure}()
#11 D:\\Project\\ModManager\\vendor\\guzzlehttp\\guzzle\\src\\Middleware.php(63): GuzzleHttp\\RedirectMiddleware->__invoke()
#12 D:\\Project\\ModManager\\vendor\\guzzlehttp\\guzzle\\src\\HandlerStack.php(75): GuzzleHttp\\Middleware::GuzzleHttp\\{closure}()
#13 D:\\Project\\ModManager\\vendor\\guzzlehttp\\guzzle\\src\\Client.php(333): GuzzleHttp\\HandlerStack->__invoke()
#14 D:\\Project\\ModManager\\vendor\\guzzlehttp\\guzzle\\src\\Client.php(169): GuzzleHttp\\Client->transfer()
#15 D:\\Project\\ModManager\\vendor\\guzzlehttp\\guzzle\\src\\Client.php(189): GuzzleHttp\\Client->requestAsync()
#16 D:\\Project\\ModManager\\vendor\\illuminate\\http\\Client\\PendingRequest.php(1133): GuzzleHttp\\Client->request()
#17 D:\\Project\\ModManager\\vendor\\illuminate\\http\\Client\\PendingRequest.php(907): Illuminate\\Http\\Client\\PendingRequest->sendRequest()
#18 D:\\Project\\ModManager\\vendor\\illuminate\\support\\helpers.php(319): Illuminate\\Http\\Client\\PendingRequest->Illuminate\\Http\\Client\\{closure}()
#19 D:\\Project\\ModManager\\vendor\\illuminate\\http\\Client\\PendingRequest.php(905): retry()
#20 D:\\Project\\ModManager\\vendor\\illuminate\\http\\Client\\PendingRequest.php(772): Illuminate\\Http\\Client\\PendingRequest->send()
#21 D:\\Project\\ModManager\\vendor\\illuminate\\http\\Client\\Factory.php(481): Illuminate\\Http\\Client\\PendingRequest->get()
#22 D:\\Project\\ModManager\\vendor\\illuminate\\support\\Facades\\Facade.php(358): Illuminate\\Http\\Client\\Factory->__call()
#23 D:\\Project\\ModManager\\app\\Commands\\ModValidatorInstallCommand.php(37): Illuminate\\Support\\Facades\\Facade::__callStatic()
#24 D:\\Project\\ModManager\\vendor\\nunomaduro\\laravel-console-task\\src\\LaravelConsoleTaskServiceProvider.php(49): App\\Commands\\ModValidatorInstallCommand->App\\Commands\\{closure}()
#25 D:\\Project\\ModManager\\vendor\\illuminate\\macroable\\Traits\\Macroable.php(126): App\\Commands\\ModValidatorInstallCommand->NunoMaduro\\LaravelConsoleTask\\{closure}()
#26 D:\\Project\\ModManager\\vendor\\laravel-zero\\framework\\src\\Commands\\Command.php(53): Illuminate\\Console\\Command->__call()
#27 D:\\Project\\ModManager\\app\\Commands\\ModValidatorInstallCommand.php(36): LaravelZero\\Framework\\Commands\\Command->task()
#28 D:\\Project\\ModManager\\vendor\\illuminate\\container\\BoundMethod.php(36): App\\Commands\\ModValidatorInstallCommand->handle()
#29 D:\\Project\\ModManager\\vendor\\illuminate\\container\\Util.php(43): Illuminate\\Container\\BoundMethod::Illuminate\\Container\\{closure}()
#30 D:\\Project\\ModManager\\vendor\\illuminate\\container\\BoundMethod.php(95): Illuminate\\Container\\Util::unwrapIfClosure()
#31 D:\\Project\\ModManager\\vendor\\illuminate\\container\\BoundMethod.php(35): Illuminate\\Container\\BoundMethod::callBoundMethod()
#32 D:\\Project\\ModManager\\vendor\\illuminate\\container\\Container.php(690): Illuminate\\Container\\BoundMethod::call()
#33 D:\\Project\\ModManager\\vendor\\illuminate\\console\\Command.php(213): Illuminate\\Container\\Container->call()
#34 D:\\Project\\ModManager\\vendor\\symfony\\console\\Command\\Command.php(279): Illuminate\\Console\\Command->execute()
#35 D:\\Project\\ModManager\\vendor\\illuminate\\console\\Command.php(182): Symfony\\Component\\Console\\Command\\Command->run()
#36 D:\\Project\\ModManager\\vendor\\illuminate\\console\\Concerns\\CallsCommands.php(67): Illuminate\\Console\\Command->run()
#37 D:\\Project\\ModManager\\vendor\\illuminate\\console\\Concerns\\CallsCommands.php(28): Illuminate\\Console\\Command->runCommand()
#38 D:\\Project\\ModManager\\vendor\\laravel-zero\\framework\\src\\Commands\\Command.php(80): Illuminate\\Console\\Command->call()
#39 D:\\Project\\ModManager\\app\\Commands\\InitializeCommand.php(91): LaravelZero\\Framework\\Commands\\Command->call()
#40 D:\\Project\\ModManager\\app\\Commands\\InitializeCommand.php(54): App\\Commands\\InitializeCommand->ModValidatorIsExist()
#41 D:\\Project\\ModManager\\vendor\\illuminate\\container\\BoundMethod.php(36): App\\Commands\\InitializeCommand->handle()
#42 D:\\Project\\ModManager\\vendor\\illuminate\\container\\Util.php(43): Illuminate\\Container\\BoundMethod::Illuminate\\Container\\{closure}()
#43 D:\\Project\\ModManager\\vendor\\illuminate\\container\\BoundMethod.php(95): Illuminate\\Container\\Util::unwrapIfClosure()
#44 D:\\Project\\ModManager\\vendor\\illuminate\\container\\BoundMethod.php(35): Illuminate\\Container\\BoundMethod::callBoundMethod()
#45 D:\\Project\\ModManager\\vendor\\illuminate\\container\\Container.php(690): Illuminate\\Container\\BoundMethod::call()
#46 D:\\Project\\ModManager\\vendor\\illuminate\\console\\Command.php(213): Illuminate\\Container\\Container->call()
#47 D:\\Project\\ModManager\\vendor\\symfony\\console\\Command\\Command.php(279): Illuminate\\Console\\Command->execute()
#48 D:\\Project\\ModManager\\vendor\\illuminate\\console\\Command.php(182): Symfony\\Component\\Console\\Command\\Command->run()
#49 D:\\Project\\ModManager\\vendor\\illuminate\\console\\Concerns\\CallsCommands.php(67): Illuminate\\Console\\Command->run()
#50 D:\\Project\\ModManager\\vendor\\illuminate\\console\\Concerns\\CallsCommands.php(28): Illuminate\\Console\\Command->runCommand()
#51 D:\\Project\\ModManager\\vendor\\laravel-zero\\framework\\src\\Commands\\Command.php(80): Illuminate\\Console\\Command->call()
#52 D:\\Project\\ModManager\\app\\Commands\\StartCommand.php(32): LaravelZero\\Framework\\Commands\\Command->call()
#53 D:\\Project\\ModManager\\vendor\\illuminate\\container\\BoundMethod.php(36): App\\Commands\\StartCommand->handle()
#54 D:\\Project\\ModManager\\vendor\\illuminate\\container\\Util.php(43): Illuminate\\Container\\BoundMethod::Illuminate\\Container\\{closure}()
#55 D:\\Project\\ModManager\\vendor\\illuminate\\container\\BoundMethod.php(95): Illuminate\\Container\\Util::unwrapIfClosure()
#56 D:\\Project\\ModManager\\vendor\\illuminate\\container\\BoundMethod.php(35): Illuminate\\Container\\BoundMethod::callBoundMethod()
#57 D:\\Project\\ModManager\\vendor\\illuminate\\container\\Container.php(690): Illuminate\\Container\\BoundMethod::call()
#58 D:\\Project\\ModManager\\vendor\\illuminate\\console\\Command.php(213): Illuminate\\Container\\Container->call()
#59 D:\\Project\\ModManager\\vendor\\symfony\\console\\Command\\Command.php(279): Illuminate\\Console\\Command->execute()
#60 D:\\Project\\ModManager\\vendor\\illuminate\\console\\Command.php(182): Symfony\\Component\\Console\\Command\\Command->run()
#61 D:\\Project\\ModManager\\vendor\\symfony\\console\\Application.php(1047): Illuminate\\Console\\Command->run()
#62 D:\\Project\\ModManager\\vendor\\symfony\\console\\Application.php(316): Symfony\\Component\\Console\\Application->doRunCommand()
#63 D:\\Project\\ModManager\\vendor\\symfony\\console\\Application.php(167): Symfony\\Component\\Console\\Application->doRun()
#64 D:\\Project\\ModManager\\vendor\\laravel-zero\\foundation\\src\\Illuminate\\Foundation\\Console\\Kernel.php(196): Symfony\\Component\\Console\\Application->run()
#65 D:\\Project\\ModManager\\vendor\\laravel-zero\\framework\\src\\Kernel.php(111): Illuminate\\Foundation\\Console\\Kernel->handle()
#66 D:\\Project\\ModManager\\modmanager(35): LaravelZero\\Framework\\Kernel->handle()
#67 {main}
"} 
[2024-10-30 22:31:25] development.ERROR: file_put_contents(D:\Project\ModManager/temp/tf2_modvalidator.zip): Failed to open stream: No such file or directory {"exception":"[object] (ErrorException(code: 0): file_put_contents(D:\\Project\\ModManager/temp/tf2_modvalidator.zip): Failed to open stream: No such file or directory at D:\\Project\\ModManager\\vendor\\illuminate\\filesystem\\Filesystem.php:204)
[stacktrace]
#0 D:\\Project\\ModManager\\vendor\\laravel-zero\\foundation\\src\\Illuminate\\Foundation\\Bootstrap\\HandleExceptions.php(256): Illuminate\\Foundation\\Bootstrap\\HandleExceptions->handleError()
#1 [internal function]: Illuminate\\Foundation\\Bootstrap\\HandleExceptions->Illuminate\\Foundation\\Bootstrap\\{closure}()
#2 D:\\Project\\ModManager\\vendor\\illuminate\\filesystem\\Filesystem.php(204): file_put_contents()
#3 D:\\Project\\ModManager\\vendor\\illuminate\\support\\Facades\\Facade.php(358): Illuminate\\Filesystem\\Filesystem->put()
#4 D:\\Project\\ModManager\\app\\Commands\\ModValidatorInstallCommand.php(40): Illuminate\\Support\\Facades\\Facade::__callStatic()
#5 D:\\Project\\ModManager\\vendor\\nunomaduro\\laravel-console-task\\src\\LaravelConsoleTaskServiceProvider.php(49): App\\Commands\\ModValidatorInstallCommand->App\\Commands\\{closure}()
#6 D:\\Project\\ModManager\\vendor\\illuminate\\macroable\\Traits\\Macroable.php(126): App\\Commands\\ModValidatorInstallCommand->NunoMaduro\\LaravelConsoleTask\\{closure}()
#7 D:\\Project\\ModManager\\vendor\\laravel-zero\\framework\\src\\Commands\\Command.php(53): Illuminate\\Console\\Command->__call()
#8 D:\\Project\\ModManager\\app\\Commands\\ModValidatorInstallCommand.php(36): LaravelZero\\Framework\\Commands\\Command->task()
#9 D:\\Project\\ModManager\\vendor\\illuminate\\container\\BoundMethod.php(36): App\\Commands\\ModValidatorInstallCommand->handle()
#10 D:\\Project\\ModManager\\vendor\\illuminate\\container\\Util.php(43): Illuminate\\Container\\BoundMethod::Illuminate\\Container\\{closure}()
#11 D:\\Project\\ModManager\\vendor\\illuminate\\container\\BoundMethod.php(95): Illuminate\\Container\\Util::unwrapIfClosure()
#12 D:\\Project\\ModManager\\vendor\\illuminate\\container\\BoundMethod.php(35): Illuminate\\Container\\BoundMethod::callBoundMethod()
#13 D:\\Project\\ModManager\\vendor\\illuminate\\container\\Container.php(690): Illuminate\\Container\\BoundMethod::call()
#14 D:\\Project\\ModManager\\vendor\\illuminate\\console\\Command.php(213): Illuminate\\Container\\Container->call()
#15 D:\\Project\\ModManager\\vendor\\symfony\\console\\Command\\Command.php(279): Illuminate\\Console\\Command->execute()
#16 D:\\Project\\ModManager\\vendor\\illuminate\\console\\Command.php(182): Symfony\\Component\\Console\\Command\\Command->run()
#17 D:\\Project\\ModManager\\vendor\\illuminate\\console\\Concerns\\CallsCommands.php(67): Illuminate\\Console\\Command->run()
#18 D:\\Project\\ModManager\\vendor\\illuminate\\console\\Concerns\\CallsCommands.php(28): Illuminate\\Console\\Command->runCommand()
#19 D:\\Project\\ModManager\\vendor\\laravel-zero\\framework\\src\\Commands\\Command.php(80): Illuminate\\Console\\Command->call()
#20 D:\\Project\\ModManager\\app\\Commands\\InitializeCommand.php(91): LaravelZero\\Framework\\Commands\\Command->call()
#21 D:\\Project\\ModManager\\app\\Commands\\InitializeCommand.php(54): App\\Commands\\InitializeCommand->ModValidatorIsExist()
#22 D:\\Project\\ModManager\\vendor\\illuminate\\container\\BoundMethod.php(36): App\\Commands\\InitializeCommand->handle()
#23 D:\\Project\\ModManager\\vendor\\illuminate\\container\\Util.php(43): Illuminate\\Container\\BoundMethod::Illuminate\\Container\\{closure}()
#24 D:\\Project\\ModManager\\vendor\\illuminate\\container\\BoundMethod.php(95): Illuminate\\Container\\Util::unwrapIfClosure()
#25 D:\\Project\\ModManager\\vendor\\illuminate\\container\\BoundMethod.php(35): Illuminate\\Container\\BoundMethod::callBoundMethod()
#26 D:\\Project\\ModManager\\vendor\\illuminate\\container\\Container.php(690): Illuminate\\Container\\BoundMethod::call()
#27 D:\\Project\\ModManager\\vendor\\illuminate\\console\\Command.php(213): Illuminate\\Container\\Container->call()
#28 D:\\Project\\ModManager\\vendor\\symfony\\console\\Command\\Command.php(279): Illuminate\\Console\\Command->execute()
#29 D:\\Project\\ModManager\\vendor\\illuminate\\console\\Command.php(182): Symfony\\Component\\Console\\Command\\Command->run()
#30 D:\\Project\\ModManager\\vendor\\illuminate\\console\\Concerns\\CallsCommands.php(67): Illuminate\\Console\\Command->run()
#31 D:\\Project\\ModManager\\vendor\\illuminate\\console\\Concerns\\CallsCommands.php(28): Illuminate\\Console\\Command->runCommand()
#32 D:\\Project\\ModManager\\vendor\\laravel-zero\\framework\\src\\Commands\\Command.php(80): Illuminate\\Console\\Command->call()
#33 D:\\Project\\ModManager\\app\\Commands\\StartCommand.php(32): LaravelZero\\Framework\\Commands\\Command->call()
#34 D:\\Project\\ModManager\\vendor\\illuminate\\container\\BoundMethod.php(36): App\\Commands\\StartCommand->handle()
#35 D:\\Project\\ModManager\\vendor\\illuminate\\container\\Util.php(43): Illuminate\\Container\\BoundMethod::Illuminate\\Container\\{closure}()
#36 D:\\Project\\ModManager\\vendor\\illuminate\\container\\BoundMethod.php(95): Illuminate\\Container\\Util::unwrapIfClosure()
#37 D:\\Project\\ModManager\\vendor\\illuminate\\container\\BoundMethod.php(35): Illuminate\\Container\\BoundMethod::callBoundMethod()
#38 D:\\Project\\ModManager\\vendor\\illuminate\\container\\Container.php(690): Illuminate\\Container\\BoundMethod::call()
#39 D:\\Project\\ModManager\\vendor\\illuminate\\console\\Command.php(213): Illuminate\\Container\\Container->call()
#40 D:\\Project\\ModManager\\vendor\\symfony\\console\\Command\\Command.php(279): Illuminate\\Console\\Command->execute()
#41 D:\\Project\\ModManager\\vendor\\illuminate\\console\\Command.php(182): Symfony\\Component\\Console\\Command\\Command->run()
#42 D:\\Project\\ModManager\\vendor\\symfony\\console\\Application.php(1047): Illuminate\\Console\\Command->run()
#43 D:\\Project\\ModManager\\vendor\\symfony\\console\\Application.php(316): Symfony\\Component\\Console\\Application->doRunCommand()
#44 D:\\Project\\ModManager\\vendor\\symfony\\console\\Application.php(167): Symfony\\Component\\Console\\Application->doRun()
#45 D:\\Project\\ModManager\\vendor\\laravel-zero\\foundation\\src\\Illuminate\\Foundation\\Console\\Kernel.php(196): Symfony\\Component\\Console\\Application->run()
#46 D:\\Project\\ModManager\\vendor\\laravel-zero\\framework\\src\\Kernel.php(111): Illuminate\\Foundation\\Console\\Kernel->handle()
#47 D:\\Project\\ModManager\\modmanager(35): LaravelZero\\Framework\\Kernel->handle()
#48 {main}
"} 
[2024-10-30 22:33:11] development.ERROR: mkdir(): No such file or directory {"exception":"[object] (ErrorException(code: 0): mkdir(): No such file or directory at D:\\Project\\ModManager\\vendor\\illuminate\\filesystem\\Filesystem.php:651)
[stacktrace]
#0 D:\\Project\\ModManager\\vendor\\laravel-zero\\foundation\\src\\Illuminate\\Foundation\\Bootstrap\\HandleExceptions.php(256): Illuminate\\Foundation\\Bootstrap\\HandleExceptions->handleError()
#1 [internal function]: Illuminate\\Foundation\\Bootstrap\\HandleExceptions->Illuminate\\Foundation\\Bootstrap\\{closure}()
#2 D:\\Project\\ModManager\\vendor\\illuminate\\filesystem\\Filesystem.php(651): mkdir()
#3 D:\\Project\\ModManager\\vendor\\illuminate\\support\\Facades\\Facade.php(358): Illuminate\\Filesystem\\Filesystem->makeDirectory()
#4 D:\\Project\\ModManager\\app\\Commands\\ModValidatorInstallCommand.php(58): Illuminate\\Support\\Facades\\Facade::__callStatic()
#5 D:\\Project\\ModManager\\vendor\\nunomaduro\\laravel-console-task\\src\\LaravelConsoleTaskServiceProvider.php(49): App\\Commands\\ModValidatorInstallCommand->App\\Commands\\{closure}()
#6 D:\\Project\\ModManager\\vendor\\illuminate\\macroable\\Traits\\Macroable.php(126): App\\Commands\\ModValidatorInstallCommand->NunoMaduro\\LaravelConsoleTask\\{closure}()
#7 D:\\Project\\ModManager\\vendor\\laravel-zero\\framework\\src\\Commands\\Command.php(53): Illuminate\\Console\\Command->__call()
#8 D:\\Project\\ModManager\\app\\Commands\\ModValidatorInstallCommand.php(53): LaravelZero\\Framework\\Commands\\Command->task()
#9 D:\\Project\\ModManager\\vendor\\illuminate\\container\\BoundMethod.php(36): App\\Commands\\ModValidatorInstallCommand->handle()
#10 D:\\Project\\ModManager\\vendor\\illuminate\\container\\Util.php(43): Illuminate\\Container\\BoundMethod::Illuminate\\Container\\{closure}()
#11 D:\\Project\\ModManager\\vendor\\illuminate\\container\\BoundMethod.php(95): Illuminate\\Container\\Util::unwrapIfClosure()
#12 D:\\Project\\ModManager\\vendor\\illuminate\\container\\BoundMethod.php(35): Illuminate\\Container\\BoundMethod::callBoundMethod()
#13 D:\\Project\\ModManager\\vendor\\illuminate\\container\\Container.php(690): Illuminate\\Container\\BoundMethod::call()
#14 D:\\Project\\ModManager\\vendor\\illuminate\\console\\Command.php(213): Illuminate\\Container\\Container->call()
#15 D:\\Project\\ModManager\\vendor\\symfony\\console\\Command\\Command.php(279): Illuminate\\Console\\Command->execute()
#16 D:\\Project\\ModManager\\vendor\\illuminate\\console\\Command.php(182): Symfony\\Component\\Console\\Command\\Command->run()
#17 D:\\Project\\ModManager\\vendor\\illuminate\\console\\Concerns\\CallsCommands.php(67): Illuminate\\Console\\Command->run()
#18 D:\\Project\\ModManager\\vendor\\illuminate\\console\\Concerns\\CallsCommands.php(28): Illuminate\\Console\\Command->runCommand()
#19 D:\\Project\\ModManager\\vendor\\laravel-zero\\framework\\src\\Commands\\Command.php(80): Illuminate\\Console\\Command->call()
#20 D:\\Project\\ModManager\\app\\Commands\\InitializeCommand.php(91): LaravelZero\\Framework\\Commands\\Command->call()
#21 D:\\Project\\ModManager\\app\\Commands\\InitializeCommand.php(54): App\\Commands\\InitializeCommand->ModValidatorIsExist()
#22 D:\\Project\\ModManager\\vendor\\illuminate\\container\\BoundMethod.php(36): App\\Commands\\InitializeCommand->handle()
#23 D:\\Project\\ModManager\\vendor\\illuminate\\container\\Util.php(43): Illuminate\\Container\\BoundMethod::Illuminate\\Container\\{closure}()
#24 D:\\Project\\ModManager\\vendor\\illuminate\\container\\BoundMethod.php(95): Illuminate\\Container\\Util::unwrapIfClosure()
#25 D:\\Project\\ModManager\\vendor\\illuminate\\container\\BoundMethod.php(35): Illuminate\\Container\\BoundMethod::callBoundMethod()
#26 D:\\Project\\ModManager\\vendor\\illuminate\\container\\Container.php(690): Illuminate\\Container\\BoundMethod::call()
#27 D:\\Project\\ModManager\\vendor\\illuminate\\console\\Command.php(213): Illuminate\\Container\\Container->call()
#28 D:\\Project\\ModManager\\vendor\\symfony\\console\\Command\\Command.php(279): Illuminate\\Console\\Command->execute()
#29 D:\\Project\\ModManager\\vendor\\illuminate\\console\\Command.php(182): Symfony\\Component\\Console\\Command\\Command->run()
#30 D:\\Project\\ModManager\\vendor\\illuminate\\console\\Concerns\\CallsCommands.php(67): Illuminate\\Console\\Command->run()
#31 D:\\Project\\ModManager\\vendor\\illuminate\\console\\Concerns\\CallsCommands.php(28): Illuminate\\Console\\Command->runCommand()
#32 D:\\Project\\ModManager\\vendor\\laravel-zero\\framework\\src\\Commands\\Command.php(80): Illuminate\\Console\\Command->call()
#33 D:\\Project\\ModManager\\app\\Commands\\StartCommand.php(32): LaravelZero\\Framework\\Commands\\Command->call()
#34 D:\\Project\\ModManager\\vendor\\illuminate\\container\\BoundMethod.php(36): App\\Commands\\StartCommand->handle()
#35 D:\\Project\\ModManager\\vendor\\illuminate\\container\\Util.php(43): Illuminate\\Container\\BoundMethod::Illuminate\\Container\\{closure}()
#36 D:\\Project\\ModManager\\vendor\\illuminate\\container\\BoundMethod.php(95): Illuminate\\Container\\Util::unwrapIfClosure()
#37 D:\\Project\\ModManager\\vendor\\illuminate\\container\\BoundMethod.php(35): Illuminate\\Container\\BoundMethod::callBoundMethod()
#38 D:\\Project\\ModManager\\vendor\\illuminate\\container\\Container.php(690): Illuminate\\Container\\BoundMethod::call()
#39 D:\\Project\\ModManager\\vendor\\illuminate\\console\\Command.php(213): Illuminate\\Container\\Container->call()
#40 D:\\Project\\ModManager\\vendor\\symfony\\console\\Command\\Command.php(279): Illuminate\\Console\\Command->execute()
#41 D:\\Project\\ModManager\\vendor\\illuminate\\console\\Command.php(182): Symfony\\Component\\Console\\Command\\Command->run()
#42 D:\\Project\\ModManager\\vendor\\symfony\\console\\Application.php(1047): Illuminate\\Console\\Command->run()
#43 D:\\Project\\ModManager\\vendor\\symfony\\console\\Application.php(316): Symfony\\Component\\Console\\Application->doRunCommand()
#44 D:\\Project\\ModManager\\vendor\\symfony\\console\\Application.php(167): Symfony\\Component\\Console\\Application->doRun()
#45 D:\\Project\\ModManager\\vendor\\laravel-zero\\foundation\\src\\Illuminate\\Foundation\\Console\\Kernel.php(196): Symfony\\Component\\Console\\Application->run()
#46 D:\\Project\\ModManager\\vendor\\laravel-zero\\framework\\src\\Kernel.php(111): Illuminate\\Foundation\\Console\\Kernel->handle()
#47 D:\\Project\\ModManager\\modmanager(35): LaravelZero\\Framework\\Kernel->handle()
#48 {main}
"} 
[2024-10-30 22:34:01] development.ERROR: D:\Project\ModManager/bin/mod_validator/tf2_modvalidator.exe  
[2024-10-30 22:59:48] development.INFO: Démarage de la création de mod  
[2024-10-30 22:59:48] development.INFO: Date et Heure de début : 30-10-2024 22:59:48  
[2024-10-30 22:59:48] development.INFO: Nom du Mod : test_mod_1  
[2024-10-30 22:59:48] development.INFO: Vérification du dossier de staging  
[2024-10-30 23:00:13] development.ERROR: cURL error 60: SSL certificate problem: unable to get local issuer certificate (see https://curl.haxx.se/libcurl/c/libcurl-errors.html) for https://libretranslate.com/translate {"exception":"[object] (GuzzleHttp\\Exception\\RequestException(code: 0): cURL error 60: SSL certificate problem: unable to get local issuer certificate (see https://curl.haxx.se/libcurl/c/libcurl-errors.html) for https://libretranslate.com/translate at D:\\Project\\ModManager\\vendor\\guzzlehttp\\guzzle\\src\\Handler\\CurlFactory.php:276)
[stacktrace]
#0 D:\\Project\\ModManager\\vendor\\guzzlehttp\\guzzle\\src\\Handler\\CurlFactory.php(205): GuzzleHttp\\Handler\\CurlFactory::createRejection()
#1 D:\\Project\\ModManager\\vendor\\guzzlehttp\\guzzle\\src\\Handler\\CurlFactory.php(157): GuzzleHttp\\Handler\\CurlFactory::finishError()
#2 D:\\Project\\ModManager\\vendor\\guzzlehttp\\guzzle\\src\\Handler\\CurlHandler.php(47): GuzzleHttp\\Handler\\CurlFactory::finish()
#3 D:\\Project\\ModManager\\vendor\\guzzlehttp\\guzzle\\src\\Handler\\Proxy.php(28): GuzzleHttp\\Handler\\CurlHandler->__invoke()
#4 D:\\Project\\ModManager\\vendor\\guzzlehttp\\guzzle\\src\\Handler\\Proxy.php(48): GuzzleHttp\\Handler\\Proxy::GuzzleHttp\\Handler\\{closure}()
#5 D:\\Project\\ModManager\\vendor\\illuminate\\http\\Client\\PendingRequest.php(1335): GuzzleHttp\\Handler\\Proxy::GuzzleHttp\\Handler\\{closure}()
#6 D:\\Project\\ModManager\\vendor\\illuminate\\http\\Client\\PendingRequest.php(1301): Illuminate\\Http\\Client\\PendingRequest->Illuminate\\Http\\Client\\{closure}()
#7 D:\\Project\\ModManager\\vendor\\illuminate\\http\\Client\\PendingRequest.php(1287): Illuminate\\Http\\Client\\PendingRequest->Illuminate\\Http\\Client\\{closure}()
#8 D:\\Project\\ModManager\\vendor\\guzzlehttp\\guzzle\\src\\PrepareBodyMiddleware.php(64): Illuminate\\Http\\Client\\PendingRequest->Illuminate\\Http\\Client\\{closure}()
#9 D:\\Project\\ModManager\\vendor\\guzzlehttp\\guzzle\\src\\Middleware.php(38): GuzzleHttp\\PrepareBodyMiddleware->__invoke()
#10 D:\\Project\\ModManager\\vendor\\guzzlehttp\\guzzle\\src\\RedirectMiddleware.php(71): GuzzleHttp\\Middleware::GuzzleHttp\\{closure}()
#11 D:\\Project\\ModManager\\vendor\\guzzlehttp\\guzzle\\src\\Middleware.php(63): GuzzleHttp\\RedirectMiddleware->__invoke()
#12 D:\\Project\\ModManager\\vendor\\guzzlehttp\\guzzle\\src\\HandlerStack.php(75): GuzzleHttp\\Middleware::GuzzleHttp\\{closure}()
#13 D:\\Project\\ModManager\\vendor\\guzzlehttp\\guzzle\\src\\Client.php(333): GuzzleHttp\\HandlerStack->__invoke()
#14 D:\\Project\\ModManager\\vendor\\guzzlehttp\\guzzle\\src\\Client.php(169): GuzzleHttp\\Client->transfer()
#15 D:\\Project\\ModManager\\vendor\\guzzlehttp\\guzzle\\src\\Client.php(189): GuzzleHttp\\Client->requestAsync()
#16 D:\\Project\\ModManager\\vendor\\illuminate\\http\\Client\\PendingRequest.php(1133): GuzzleHttp\\Client->request()
#17 D:\\Project\\ModManager\\vendor\\illuminate\\http\\Client\\PendingRequest.php(907): Illuminate\\Http\\Client\\PendingRequest->sendRequest()
#18 D:\\Project\\ModManager\\vendor\\illuminate\\support\\helpers.php(319): Illuminate\\Http\\Client\\PendingRequest->Illuminate\\Http\\Client\\{closure}()
#19 D:\\Project\\ModManager\\vendor\\illuminate\\http\\Client\\PendingRequest.php(905): retry()
#20 D:\\Project\\ModManager\\vendor\\illuminate\\http\\Client\\PendingRequest.php(804): Illuminate\\Http\\Client\\PendingRequest->send()
#21 D:\\Project\\ModManager\\vendor\\illuminate\\http\\Client\\Factory.php(481): Illuminate\\Http\\Client\\PendingRequest->post()
#22 D:\\Project\\ModManager\\vendor\\illuminate\\support\\Facades\\Facade.php(358): Illuminate\\Http\\Client\\Factory->__call()
#23 D:\\Project\\ModManager\\app\\Services\\Translator.php(23): Illuminate\\Support\\Facades\\Facade::__callStatic()
#24 D:\\Project\\ModManager\\app\\Commands\\CreateModCommand.php(167): App\\Services\\Translator->translate()
#25 D:\\Project\\ModManager\\app\\Commands\\CreateModCommand.php(67): App\\Commands\\CreateModCommand->createStringLuaFile()
#26 D:\\Project\\ModManager\\app\\Commands\\CreateModCommand.php(48): App\\Commands\\CreateModCommand->createMod()
#27 D:\\Project\\ModManager\\vendor\\illuminate\\container\\BoundMethod.php(36): App\\Commands\\CreateModCommand->handle()
#28 D:\\Project\\ModManager\\vendor\\illuminate\\container\\Util.php(43): Illuminate\\Container\\BoundMethod::Illuminate\\Container\\{closure}()
#29 D:\\Project\\ModManager\\vendor\\illuminate\\container\\BoundMethod.php(95): Illuminate\\Container\\Util::unwrapIfClosure()
#30 D:\\Project\\ModManager\\vendor\\illuminate\\container\\BoundMethod.php(35): Illuminate\\Container\\BoundMethod::callBoundMethod()
#31 D:\\Project\\ModManager\\vendor\\illuminate\\container\\Container.php(690): Illuminate\\Container\\BoundMethod::call()
#32 D:\\Project\\ModManager\\vendor\\illuminate\\console\\Command.php(213): Illuminate\\Container\\Container->call()
#33 D:\\Project\\ModManager\\vendor\\symfony\\console\\Command\\Command.php(279): Illuminate\\Console\\Command->execute()
#34 D:\\Project\\ModManager\\vendor\\illuminate\\console\\Command.php(182): Symfony\\Component\\Console\\Command\\Command->run()
#35 D:\\Project\\ModManager\\vendor\\illuminate\\console\\Concerns\\CallsCommands.php(67): Illuminate\\Console\\Command->run()
#36 D:\\Project\\ModManager\\vendor\\illuminate\\console\\Concerns\\CallsCommands.php(28): Illuminate\\Console\\Command->runCommand()
#37 D:\\Project\\ModManager\\vendor\\laravel-zero\\framework\\src\\Commands\\Command.php(80): Illuminate\\Console\\Command->call()
#38 D:\\Project\\ModManager\\app\\Commands\\StartCommand.php(50): LaravelZero\\Framework\\Commands\\Command->call()
#39 D:\\Project\\ModManager\\app\\Commands\\StartCommand.php(40): App\\Commands\\StartCommand->createMod()
#40 D:\\Project\\ModManager\\vendor\\illuminate\\container\\BoundMethod.php(36): App\\Commands\\StartCommand->handle()
#41 D:\\Project\\ModManager\\vendor\\illuminate\\container\\Util.php(43): Illuminate\\Container\\BoundMethod::Illuminate\\Container\\{closure}()
#42 D:\\Project\\ModManager\\vendor\\illuminate\\container\\BoundMethod.php(95): Illuminate\\Container\\Util::unwrapIfClosure()
#43 D:\\Project\\ModManager\\vendor\\illuminate\\container\\BoundMethod.php(35): Illuminate\\Container\\BoundMethod::callBoundMethod()
#44 D:\\Project\\ModManager\\vendor\\illuminate\\container\\Container.php(690): Illuminate\\Container\\BoundMethod::call()
#45 D:\\Project\\ModManager\\vendor\\illuminate\\console\\Command.php(213): Illuminate\\Container\\Container->call()
#46 D:\\Project\\ModManager\\vendor\\symfony\\console\\Command\\Command.php(279): Illuminate\\Console\\Command->execute()
#47 D:\\Project\\ModManager\\vendor\\illuminate\\console\\Command.php(182): Symfony\\Component\\Console\\Command\\Command->run()
#48 D:\\Project\\ModManager\\vendor\\symfony\\console\\Application.php(1047): Illuminate\\Console\\Command->run()
#49 D:\\Project\\ModManager\\vendor\\symfony\\console\\Application.php(316): Symfony\\Component\\Console\\Application->doRunCommand()
#50 D:\\Project\\ModManager\\vendor\\symfony\\console\\Application.php(167): Symfony\\Component\\Console\\Application->doRun()
#51 D:\\Project\\ModManager\\vendor\\laravel-zero\\foundation\\src\\Illuminate\\Foundation\\Console\\Kernel.php(196): Symfony\\Component\\Console\\Application->run()
#52 D:\\Project\\ModManager\\vendor\\laravel-zero\\framework\\src\\Kernel.php(111): Illuminate\\Foundation\\Console\\Kernel->handle()
#53 D:\\Project\\ModManager\\modmanager(35): LaravelZero\\Framework\\Kernel->handle()
#54 {main}
"} 
[2024-10-30 23:00:56] development.INFO: Démarage de la création de mod  
[2024-10-30 23:00:56] development.INFO: Date et Heure de début : 30-10-2024 23:00:56  
[2024-10-30 23:00:56] development.INFO: Nom du Mod : test_mod_1  
[2024-10-30 23:00:56] development.INFO: Vérification du dossier de staging  
[2024-10-30 23:01:00] development.ERROR: Erreur lors de la traduction : {"error":"Visit https://portal.libretranslate.com to get an API key"}
 {"exception":"[object] (Exception(code: 0): Erreur lors de la traduction : {\"error\":\"Visit https://portal.libretranslate.com to get an API key\"}
 at D:\\Project\\ModManager\\app\\Services\\Translator.php:34)
[stacktrace]
#0 D:\\Project\\ModManager\\app\\Commands\\CreateModCommand.php(167): App\\Services\\Translator->translate()
#1 D:\\Project\\ModManager\\app\\Commands\\CreateModCommand.php(67): App\\Commands\\CreateModCommand->createStringLuaFile()
#2 D:\\Project\\ModManager\\app\\Commands\\CreateModCommand.php(48): App\\Commands\\CreateModCommand->createMod()
#3 D:\\Project\\ModManager\\vendor\\illuminate\\container\\BoundMethod.php(36): App\\Commands\\CreateModCommand->handle()
#4 D:\\Project\\ModManager\\vendor\\illuminate\\container\\Util.php(43): Illuminate\\Container\\BoundMethod::Illuminate\\Container\\{closure}()
#5 D:\\Project\\ModManager\\vendor\\illuminate\\container\\BoundMethod.php(95): Illuminate\\Container\\Util::unwrapIfClosure()
#6 D:\\Project\\ModManager\\vendor\\illuminate\\container\\BoundMethod.php(35): Illuminate\\Container\\BoundMethod::callBoundMethod()
#7 D:\\Project\\ModManager\\vendor\\illuminate\\container\\Container.php(690): Illuminate\\Container\\BoundMethod::call()
#8 D:\\Project\\ModManager\\vendor\\illuminate\\console\\Command.php(213): Illuminate\\Container\\Container->call()
#9 D:\\Project\\ModManager\\vendor\\symfony\\console\\Command\\Command.php(279): Illuminate\\Console\\Command->execute()
#10 D:\\Project\\ModManager\\vendor\\illuminate\\console\\Command.php(182): Symfony\\Component\\Console\\Command\\Command->run()
#11 D:\\Project\\ModManager\\vendor\\illuminate\\console\\Concerns\\CallsCommands.php(67): Illuminate\\Console\\Command->run()
#12 D:\\Project\\ModManager\\vendor\\illuminate\\console\\Concerns\\CallsCommands.php(28): Illuminate\\Console\\Command->runCommand()
#13 D:\\Project\\ModManager\\vendor\\laravel-zero\\framework\\src\\Commands\\Command.php(80): Illuminate\\Console\\Command->call()
#14 D:\\Project\\ModManager\\app\\Commands\\StartCommand.php(50): LaravelZero\\Framework\\Commands\\Command->call()
#15 D:\\Project\\ModManager\\app\\Commands\\StartCommand.php(40): App\\Commands\\StartCommand->createMod()
#16 D:\\Project\\ModManager\\vendor\\illuminate\\container\\BoundMethod.php(36): App\\Commands\\StartCommand->handle()
#17 D:\\Project\\ModManager\\vendor\\illuminate\\container\\Util.php(43): Illuminate\\Container\\BoundMethod::Illuminate\\Container\\{closure}()
#18 D:\\Project\\ModManager\\vendor\\illuminate\\container\\BoundMethod.php(95): Illuminate\\Container\\Util::unwrapIfClosure()
#19 D:\\Project\\ModManager\\vendor\\illuminate\\container\\BoundMethod.php(35): Illuminate\\Container\\BoundMethod::callBoundMethod()
#20 D:\\Project\\ModManager\\vendor\\illuminate\\container\\Container.php(690): Illuminate\\Container\\BoundMethod::call()
#21 D:\\Project\\ModManager\\vendor\\illuminate\\console\\Command.php(213): Illuminate\\Container\\Container->call()
#22 D:\\Project\\ModManager\\vendor\\symfony\\console\\Command\\Command.php(279): Illuminate\\Console\\Command->execute()
#23 D:\\Project\\ModManager\\vendor\\illuminate\\console\\Command.php(182): Symfony\\Component\\Console\\Command\\Command->run()
#24 D:\\Project\\ModManager\\vendor\\symfony\\console\\Application.php(1047): Illuminate\\Console\\Command->run()
#25 D:\\Project\\ModManager\\vendor\\symfony\\console\\Application.php(316): Symfony\\Component\\Console\\Application->doRunCommand()
#26 D:\\Project\\ModManager\\vendor\\symfony\\console\\Application.php(167): Symfony\\Component\\Console\\Application->doRun()
#27 D:\\Project\\ModManager\\vendor\\laravel-zero\\foundation\\src\\Illuminate\\Foundation\\Console\\Kernel.php(196): Symfony\\Component\\Console\\Application->run()
#28 D:\\Project\\ModManager\\vendor\\laravel-zero\\framework\\src\\Kernel.php(111): Illuminate\\Foundation\\Console\\Kernel->handle()
#29 D:\\Project\\ModManager\\modmanager(35): LaravelZero\\Framework\\Kernel->handle()
#30 {main}
"} 
[2024-10-30 23:05:13] development.INFO: Démarage de la création de mod  
[2024-10-30 23:05:13] development.INFO: Date et Heure de début : 30-10-2024 23:05:13  
[2024-10-30 23:05:13] development.INFO: Nom du Mod : test_mod_1  
[2024-10-30 23:05:13] development.INFO: Vérification du dossier de staging  
[2024-10-30 23:08:28] development.INFO: Démarage de la création de mod  
[2024-10-30 23:08:28] development.INFO: Date et Heure de début : 30-10-2024 23:08:28  
[2024-10-30 23:08:28] development.INFO: Nom du Mod : test_mod_1  
[2024-10-30 23:08:28] development.INFO: Vérification du dossier de staging  
[2024-10-30 23:15:02] development.INFO: Démarage de la création de mod  
[2024-10-30 23:15:02] development.INFO: Date et Heure de début : 30-10-2024 23:15:02  
[2024-10-30 23:15:02] development.INFO: Nom du Mod : test_mod_1  
[2024-10-30 23:15:02] development.INFO: Vérification du dossier de staging  
[2024-10-30 23:20:31] development.INFO: Démarage de la création de mod  
[2024-10-30 23:20:31] development.INFO: Date et Heure de début : 30-10-2024 23:20:31  
[2024-10-30 23:20:31] development.INFO: Nom du Mod : test_mod_1  
[2024-10-30 23:20:31] development.INFO: Vérification du dossier de staging  
[2024-10-30 23:37:55] development.ERROR: Method App\Commands\StartCommand::convert does not exist. {"exception":"[object] (BadMethodCallException(code: 0): Method App\\Commands\\StartCommand::convert does not exist. at D:\\Project\\ModManager\\vendor\\illuminate\\macroable\\Traits\\Macroable.php:115)
[stacktrace]
#0 D:\\Project\\ModManager\\app\\Commands\\StartCommand.php(41): Illuminate\\Console\\Command->__call()
#1 D:\\Project\\ModManager\\vendor\\illuminate\\container\\BoundMethod.php(36): App\\Commands\\StartCommand->handle()
#2 D:\\Project\\ModManager\\vendor\\illuminate\\container\\Util.php(43): Illuminate\\Container\\BoundMethod::Illuminate\\Container\\{closure}()
#3 D:\\Project\\ModManager\\vendor\\illuminate\\container\\BoundMethod.php(95): Illuminate\\Container\\Util::unwrapIfClosure()
#4 D:\\Project\\ModManager\\vendor\\illuminate\\container\\BoundMethod.php(35): Illuminate\\Container\\BoundMethod::callBoundMethod()
#5 D:\\Project\\ModManager\\vendor\\illuminate\\container\\Container.php(690): Illuminate\\Container\\BoundMethod::call()
#6 D:\\Project\\ModManager\\vendor\\illuminate\\console\\Command.php(213): Illuminate\\Container\\Container->call()
#7 D:\\Project\\ModManager\\vendor\\symfony\\console\\Command\\Command.php(279): Illuminate\\Console\\Command->execute()
#8 D:\\Project\\ModManager\\vendor\\illuminate\\console\\Command.php(182): Symfony\\Component\\Console\\Command\\Command->run()
#9 D:\\Project\\ModManager\\vendor\\symfony\\console\\Application.php(1047): Illuminate\\Console\\Command->run()
#10 D:\\Project\\ModManager\\vendor\\symfony\\console\\Application.php(316): Symfony\\Component\\Console\\Application->doRunCommand()
#11 D:\\Project\\ModManager\\vendor\\symfony\\console\\Application.php(167): Symfony\\Component\\Console\\Application->doRun()
#12 D:\\Project\\ModManager\\vendor\\laravel-zero\\foundation\\src\\Illuminate\\Foundation\\Console\\Kernel.php(196): Symfony\\Component\\Console\\Application->run()
#13 D:\\Project\\ModManager\\vendor\\laravel-zero\\framework\\src\\Kernel.php(111): Illuminate\\Foundation\\Console\\Kernel->handle()
#14 D:\\Project\\ModManager\\modmanager(35): LaravelZero\\Framework\\Kernel->handle()
#15 {main}
"} 
[2024-10-30 23:38:44] development.ERROR: Method Illuminate\Filesystem\Filesystem::allDirectories does not exist. {"exception":"[object] (BadMethodCallException(code: 0): Method Illuminate\\Filesystem\\Filesystem::allDirectories does not exist. at D:\\Project\\ModManager\\vendor\\illuminate\\macroable\\Traits\\Macroable.php:115)
[stacktrace]
#0 D:\\Project\\ModManager\\vendor\\illuminate\\support\\Facades\\Facade.php(358): Illuminate\\Filesystem\\Filesystem->__call()
#1 D:\\Project\\ModManager\\app\\Commands\\ConvertTextureCommand.php(77): Illuminate\\Support\\Facades\\Facade::__callStatic()
#2 D:\\Project\\ModManager\\app\\Commands\\ConvertTextureCommand.php(43): App\\Commands\\ConvertTextureCommand->getFoldersWithFiles()
#3 D:\\Project\\ModManager\\vendor\\illuminate\\container\\BoundMethod.php(36): App\\Commands\\ConvertTextureCommand->handle()
#4 D:\\Project\\ModManager\\vendor\\illuminate\\container\\Util.php(43): Illuminate\\Container\\BoundMethod::Illuminate\\Container\\{closure}()
#5 D:\\Project\\ModManager\\vendor\\illuminate\\container\\BoundMethod.php(95): Illuminate\\Container\\Util::unwrapIfClosure()
#6 D:\\Project\\ModManager\\vendor\\illuminate\\container\\BoundMethod.php(35): Illuminate\\Container\\BoundMethod::callBoundMethod()
#7 D:\\Project\\ModManager\\vendor\\illuminate\\container\\Container.php(690): Illuminate\\Container\\BoundMethod::call()
#8 D:\\Project\\ModManager\\vendor\\illuminate\\console\\Command.php(213): Illuminate\\Container\\Container->call()
#9 D:\\Project\\ModManager\\vendor\\symfony\\console\\Command\\Command.php(279): Illuminate\\Console\\Command->execute()
#10 D:\\Project\\ModManager\\vendor\\illuminate\\console\\Command.php(182): Symfony\\Component\\Console\\Command\\Command->run()
#11 D:\\Project\\ModManager\\vendor\\illuminate\\console\\Concerns\\CallsCommands.php(67): Illuminate\\Console\\Command->run()
#12 D:\\Project\\ModManager\\vendor\\illuminate\\console\\Concerns\\CallsCommands.php(28): Illuminate\\Console\\Command->runCommand()
#13 D:\\Project\\ModManager\\vendor\\laravel-zero\\framework\\src\\Commands\\Command.php(80): Illuminate\\Console\\Command->call()
#14 D:\\Project\\ModManager\\app\\Commands\\StartCommand.php(55): LaravelZero\\Framework\\Commands\\Command->call()
#15 D:\\Project\\ModManager\\app\\Commands\\StartCommand.php(41): App\\Commands\\StartCommand->convert()
#16 D:\\Project\\ModManager\\vendor\\illuminate\\container\\BoundMethod.php(36): App\\Commands\\StartCommand->handle()
#17 D:\\Project\\ModManager\\vendor\\illuminate\\container\\Util.php(43): Illuminate\\Container\\BoundMethod::Illuminate\\Container\\{closure}()
#18 D:\\Project\\ModManager\\vendor\\illuminate\\container\\BoundMethod.php(95): Illuminate\\Container\\Util::unwrapIfClosure()
#19 D:\\Project\\ModManager\\vendor\\illuminate\\container\\BoundMethod.php(35): Illuminate\\Container\\BoundMethod::callBoundMethod()
#20 D:\\Project\\ModManager\\vendor\\illuminate\\container\\Container.php(690): Illuminate\\Container\\BoundMethod::call()
#21 D:\\Project\\ModManager\\vendor\\illuminate\\console\\Command.php(213): Illuminate\\Container\\Container->call()
#22 D:\\Project\\ModManager\\vendor\\symfony\\console\\Command\\Command.php(279): Illuminate\\Console\\Command->execute()
#23 D:\\Project\\ModManager\\vendor\\illuminate\\console\\Command.php(182): Symfony\\Component\\Console\\Command\\Command->run()
#24 D:\\Project\\ModManager\\vendor\\symfony\\console\\Application.php(1047): Illuminate\\Console\\Command->run()
#25 D:\\Project\\ModManager\\vendor\\symfony\\console\\Application.php(316): Symfony\\Component\\Console\\Application->doRunCommand()
#26 D:\\Project\\ModManager\\vendor\\symfony\\console\\Application.php(167): Symfony\\Component\\Console\\Application->doRun()
#27 D:\\Project\\ModManager\\vendor\\laravel-zero\\foundation\\src\\Illuminate\\Foundation\\Console\\Kernel.php(196): Symfony\\Component\\Console\\Application->run()
#28 D:\\Project\\ModManager\\vendor\\laravel-zero\\framework\\src\\Kernel.php(111): Illuminate\\Foundation\\Console\\Kernel->handle()
#29 D:\\Project\\ModManager\\modmanager(35): LaravelZero\\Framework\\Kernel->handle()
#30 {main}
"} 
[2024-10-30 23:58:22] development.ERROR: Method App\Commands\ModValidatorCommand::getConfig does not exist. {"exception":"[object] (BadMethodCallException(code: 0): Method App\\Commands\\ModValidatorCommand::getConfig does not exist. at D:\\Project\\ModManager\\vendor\\illuminate\\macroable\\Traits\\Macroable.php:115)
[stacktrace]
#0 D:\\Project\\ModManager\\app\\Commands\\ModValidatorCommand.php(31): Illuminate\\Console\\Command->__call()
#1 D:\\Project\\ModManager\\vendor\\illuminate\\container\\BoundMethod.php(36): App\\Commands\\ModValidatorCommand->handle()
#2 D:\\Project\\ModManager\\vendor\\illuminate\\container\\Util.php(43): Illuminate\\Container\\BoundMethod::Illuminate\\Container\\{closure}()
#3 D:\\Project\\ModManager\\vendor\\illuminate\\container\\BoundMethod.php(95): Illuminate\\Container\\Util::unwrapIfClosure()
#4 D:\\Project\\ModManager\\vendor\\illuminate\\container\\BoundMethod.php(35): Illuminate\\Container\\BoundMethod::callBoundMethod()
#5 D:\\Project\\ModManager\\vendor\\illuminate\\container\\Container.php(690): Illuminate\\Container\\BoundMethod::call()
#6 D:\\Project\\ModManager\\vendor\\illuminate\\console\\Command.php(213): Illuminate\\Container\\Container->call()
#7 D:\\Project\\ModManager\\vendor\\symfony\\console\\Command\\Command.php(279): Illuminate\\Console\\Command->execute()
#8 D:\\Project\\ModManager\\vendor\\illuminate\\console\\Command.php(182): Symfony\\Component\\Console\\Command\\Command->run()
#9 D:\\Project\\ModManager\\vendor\\illuminate\\console\\Concerns\\CallsCommands.php(67): Illuminate\\Console\\Command->run()
#10 D:\\Project\\ModManager\\vendor\\illuminate\\console\\Concerns\\CallsCommands.php(28): Illuminate\\Console\\Command->runCommand()
#11 D:\\Project\\ModManager\\vendor\\laravel-zero\\framework\\src\\Commands\\Command.php(80): Illuminate\\Console\\Command->call()
#12 D:\\Project\\ModManager\\app\\Commands\\StartCommand.php(60): LaravelZero\\Framework\\Commands\\Command->call()
#13 D:\\Project\\ModManager\\app\\Commands\\StartCommand.php(42): App\\Commands\\StartCommand->verify()
#14 D:\\Project\\ModManager\\vendor\\illuminate\\container\\BoundMethod.php(36): App\\Commands\\StartCommand->handle()
#15 D:\\Project\\ModManager\\vendor\\illuminate\\container\\Util.php(43): Illuminate\\Container\\BoundMethod::Illuminate\\Container\\{closure}()
#16 D:\\Project\\ModManager\\vendor\\illuminate\\container\\BoundMethod.php(95): Illuminate\\Container\\Util::unwrapIfClosure()
#17 D:\\Project\\ModManager\\vendor\\illuminate\\container\\BoundMethod.php(35): Illuminate\\Container\\BoundMethod::callBoundMethod()
#18 D:\\Project\\ModManager\\vendor\\illuminate\\container\\Container.php(690): Illuminate\\Container\\BoundMethod::call()
#19 D:\\Project\\ModManager\\vendor\\illuminate\\console\\Command.php(213): Illuminate\\Container\\Container->call()
#20 D:\\Project\\ModManager\\vendor\\symfony\\console\\Command\\Command.php(279): Illuminate\\Console\\Command->execute()
#21 D:\\Project\\ModManager\\vendor\\illuminate\\console\\Command.php(182): Symfony\\Component\\Console\\Command\\Command->run()
#22 D:\\Project\\ModManager\\vendor\\symfony\\console\\Application.php(1047): Illuminate\\Console\\Command->run()
#23 D:\\Project\\ModManager\\vendor\\symfony\\console\\Application.php(316): Symfony\\Component\\Console\\Application->doRunCommand()
#24 D:\\Project\\ModManager\\vendor\\symfony\\console\\Application.php(167): Symfony\\Component\\Console\\Application->doRun()
#25 D:\\Project\\ModManager\\vendor\\laravel-zero\\foundation\\src\\Illuminate\\Foundation\\Console\\Kernel.php(196): Symfony\\Component\\Console\\Application->run()
#26 D:\\Project\\ModManager\\vendor\\laravel-zero\\framework\\src\\Kernel.php(111): Illuminate\\Foundation\\Console\\Kernel->handle()
#27 D:\\Project\\ModManager\\modmanager(35): LaravelZero\\Framework\\Kernel->handle()
#28 {main}
"} 
[2024-10-30 23:58:36] development.ERROR: Method App\Commands\ModValidatorCommand::getMods does not exist. {"exception":"[object] (BadMethodCallException(code: 0): Method App\\Commands\\ModValidatorCommand::getMods does not exist. at D:\\Project\\ModManager\\vendor\\illuminate\\macroable\\Traits\\Macroable.php:115)
[stacktrace]
#0 D:\\Project\\ModManager\\app\\Commands\\ModValidatorCommand.php(33): Illuminate\\Console\\Command->__call()
#1 D:\\Project\\ModManager\\vendor\\illuminate\\container\\BoundMethod.php(36): App\\Commands\\ModValidatorCommand->handle()
#2 D:\\Project\\ModManager\\vendor\\illuminate\\container\\Util.php(43): Illuminate\\Container\\BoundMethod::Illuminate\\Container\\{closure}()
#3 D:\\Project\\ModManager\\vendor\\illuminate\\container\\BoundMethod.php(95): Illuminate\\Container\\Util::unwrapIfClosure()
#4 D:\\Project\\ModManager\\vendor\\illuminate\\container\\BoundMethod.php(35): Illuminate\\Container\\BoundMethod::callBoundMethod()
#5 D:\\Project\\ModManager\\vendor\\illuminate\\container\\Container.php(690): Illuminate\\Container\\BoundMethod::call()
#6 D:\\Project\\ModManager\\vendor\\illuminate\\console\\Command.php(213): Illuminate\\Container\\Container->call()
#7 D:\\Project\\ModManager\\vendor\\symfony\\console\\Command\\Command.php(279): Illuminate\\Console\\Command->execute()
#8 D:\\Project\\ModManager\\vendor\\illuminate\\console\\Command.php(182): Symfony\\Component\\Console\\Command\\Command->run()
#9 D:\\Project\\ModManager\\vendor\\illuminate\\console\\Concerns\\CallsCommands.php(67): Illuminate\\Console\\Command->run()
#10 D:\\Project\\ModManager\\vendor\\illuminate\\console\\Concerns\\CallsCommands.php(28): Illuminate\\Console\\Command->runCommand()
#11 D:\\Project\\ModManager\\vendor\\laravel-zero\\framework\\src\\Commands\\Command.php(80): Illuminate\\Console\\Command->call()
#12 D:\\Project\\ModManager\\app\\Commands\\StartCommand.php(60): LaravelZero\\Framework\\Commands\\Command->call()
#13 D:\\Project\\ModManager\\app\\Commands\\StartCommand.php(42): App\\Commands\\StartCommand->verify()
#14 D:\\Project\\ModManager\\vendor\\illuminate\\container\\BoundMethod.php(36): App\\Commands\\StartCommand->handle()
#15 D:\\Project\\ModManager\\vendor\\illuminate\\container\\Util.php(43): Illuminate\\Container\\BoundMethod::Illuminate\\Container\\{closure}()
#16 D:\\Project\\ModManager\\vendor\\illuminate\\container\\BoundMethod.php(95): Illuminate\\Container\\Util::unwrapIfClosure()
#17 D:\\Project\\ModManager\\vendor\\illuminate\\container\\BoundMethod.php(35): Illuminate\\Container\\BoundMethod::callBoundMethod()
#18 D:\\Project\\ModManager\\vendor\\illuminate\\container\\Container.php(690): Illuminate\\Container\\BoundMethod::call()
#19 D:\\Project\\ModManager\\vendor\\illuminate\\console\\Command.php(213): Illuminate\\Container\\Container->call()
#20 D:\\Project\\ModManager\\vendor\\symfony\\console\\Command\\Command.php(279): Illuminate\\Console\\Command->execute()
#21 D:\\Project\\ModManager\\vendor\\illuminate\\console\\Command.php(182): Symfony\\Component\\Console\\Command\\Command->run()
#22 D:\\Project\\ModManager\\vendor\\symfony\\console\\Application.php(1047): Illuminate\\Console\\Command->run()
#23 D:\\Project\\ModManager\\vendor\\symfony\\console\\Application.php(316): Symfony\\Component\\Console\\Application->doRunCommand()
#24 D:\\Project\\ModManager\\vendor\\symfony\\console\\Application.php(167): Symfony\\Component\\Console\\Application->doRun()
#25 D:\\Project\\ModManager\\vendor\\laravel-zero\\foundation\\src\\Illuminate\\Foundation\\Console\\Kernel.php(196): Symfony\\Component\\Console\\Application->run()
#26 D:\\Project\\ModManager\\vendor\\laravel-zero\\framework\\src\\Kernel.php(111): Illuminate\\Foundation\\Console\\Kernel->handle()
#27 D:\\Project\\ModManager\\modmanager(35): LaravelZero\\Framework\\Kernel->handle()
#28 {main}
"} 
[2024-10-31 15:24:26] development.ERROR: Unhandled match case '...' {"exception":"[object] (UnhandledMatchError(code: 0): Unhandled match case '...' at D:\\Project\\ModManager\\app\\Commands\\StartCommand.php:39)
[stacktrace]
#0 D:\\Project\\ModManager\\vendor\\illuminate\\container\\BoundMethod.php(36): App\\Commands\\StartCommand->handle()
#1 D:\\Project\\ModManager\\vendor\\illuminate\\container\\Util.php(43): Illuminate\\Container\\BoundMethod::Illuminate\\Container\\{closure}()
#2 D:\\Project\\ModManager\\vendor\\illuminate\\container\\BoundMethod.php(95): Illuminate\\Container\\Util::unwrapIfClosure()
#3 D:\\Project\\ModManager\\vendor\\illuminate\\container\\BoundMethod.php(35): Illuminate\\Container\\BoundMethod::callBoundMethod()
#4 D:\\Project\\ModManager\\vendor\\illuminate\\container\\Container.php(690): Illuminate\\Container\\BoundMethod::call()
#5 D:\\Project\\ModManager\\vendor\\illuminate\\console\\Command.php(213): Illuminate\\Container\\Container->call()
#6 D:\\Project\\ModManager\\vendor\\symfony\\console\\Command\\Command.php(279): Illuminate\\Console\\Command->execute()
#7 D:\\Project\\ModManager\\vendor\\illuminate\\console\\Command.php(182): Symfony\\Component\\Console\\Command\\Command->run()
#8 D:\\Project\\ModManager\\vendor\\symfony\\console\\Application.php(1047): Illuminate\\Console\\Command->run()
#9 D:\\Project\\ModManager\\vendor\\symfony\\console\\Application.php(316): Symfony\\Component\\Console\\Application->doRunCommand()
#10 D:\\Project\\ModManager\\vendor\\symfony\\console\\Application.php(167): Symfony\\Component\\Console\\Application->doRun()
#11 D:\\Project\\ModManager\\vendor\\laravel-zero\\foundation\\src\\Illuminate\\Foundation\\Console\\Kernel.php(196): Symfony\\Component\\Console\\Application->run()
#12 D:\\Project\\ModManager\\vendor\\laravel-zero\\framework\\src\\Kernel.php(111): Illuminate\\Foundation\\Console\\Kernel->handle()
#13 D:\\Project\\ModManager\\modmanager(35): LaravelZero\\Framework\\Kernel->handle()
#14 {main}
"} 
